#
# A fatal error has been detected by the Java Runtime Environment:
#
#  EXCEPTION_ACCESS_VIOLATION (0xc0000005) at pc=0x00007ffb9ab3a14d, pid=12136, tid=13428
#
# JRE version: OpenJDK Runtime Environment (11.0.3+12) (build 11.0.3+12-b304.39)
# Java VM: OpenJDK 64-Bit Server VM (11.0.3+12-b304.39, mixed mode, sharing, tiered, compressed oops, g1 gc, windows-amd64)
# Problematic frame:
# C  [ig9icd64.dll+0x1ea14d]
#
# No core dump will be written. Minidumps are not enabled by default on client versions of Windows
#
# If you would like to submit a bug report, please visit:
#   http://bugreport.java.com/bugreport/crash.jsp
# The crash happened outside the Java Virtual Machine in native code.
# See problematic frame for where to report the bug.
#

---------------  S U M M A R Y ------------

Command Line: -javaagent:C:\Program Files\JetBrains\IntelliJ IDEA Community Edition 2019.2.1\lib\idea_rt.jar=60710:C:\Program Files\JetBrains\IntelliJ IDEA Community Edition 2019.2.1\bin -Dfile.encoding=UTF-8 Main

Host: Intel(R) Core(TM) i7-8750H CPU @ 2.20GHz, 12 cores, 15G,  Windows 10 , 64 bit Build 17134 (10.0.17134.753)
Time: Tue Sep 24 18:06:49 2019 Eastern Standard Time elapsed time: 0 seconds (0d 0h 0m 0s)

---------------  T H R E A D  ---------------

Current thread (0x00000156b007b800):  JavaThread "main" [_thread_in_native, id=13428, stack(0x00000030b0c00000,0x00000030b0d00000)]

Stack: [0x00000030b0c00000,0x00000030b0d00000],  sp=0x00000030b0cfef70,  free space=1019k
Native frames: (J=compiled Java code, j=interpreted, Vv=VM code, C=native code)
C  [ig9icd64.dll+0x1ea14d]

Java frames: (J=compiled Java code, j=interpreted, Vv=VM code)
j  org.lwjgl.opengl.GL20C.nglGetProgramiv(IIJ)V+0
j  org.lwjgl.opengl.GL20C.glGetProgramiv(IILjava/nio/IntBuffer;)V+17
j  org.lwjgl.opengl.GL20.glGetProgramiv(IILjava/nio/IntBuffer;)V+3
j  JHobbyEngine.GLProgram.create(Ljava/util/Collection;LJHobbyEngine/StringCallback;)Z+74
j  Main.loop()V+252
j  Main.run()V+19
j  Main.main([Ljava/lang/String;)V+7
v  ~StubRoutines::call_stub

siginfo: EXCEPTION_ACCESS_VIOLATION (0xc0000005), writing address 0x0000000000000010


Register to memory mapping:

RIP=0x00007ffb9ab3a14d ig9icd64.dll
RAX=0x0 is NULL
RBX=0x00000156dafb8620 points into unknown readable memory: b0 66 31 9b fb 7f 00 00
RCX=0x00000156dafb8620 points into unknown readable memory: b0 66 31 9b fb 7f 00 00
RDX=0x00000156d0f6ff40 points into unknown readable memory: 00 8f f1 d0 56 01 00 00
RSP=0x00000030b0cfef70 is pointing into the stack for thread: 0x00000156b007b800
RBP=0x0000000000000010 is an unknown value
RSI=0x0000000000000010 is an unknown value
RDI=0x00000156dafb8620 points into unknown readable memory: b0 66 31 9b fb 7f 00 00
R8 =0x0000000000008b82 is an unknown value
R9 =0x0000000000000010 is an unknown value
R10=0x00000156d13018e0 points into unknown readable memory: 60 92 e3 d4 fb 7f 00 00
R11=0x0000000000000001 is an unknown value
R12=0x0 is NULL
R13={method} {0x00000156d07d7d68} 'nglGetProgramiv' '(IIJ)V' in 'org/lwjgl/opengl/GL20C'
R14=0x00000156d0f55040 points into unknown readable memory: 70 59 0f d1 56 01 00 00
R15=0x0000000000008b82 is an unknown value


Registers:
RAX=0x0000000000000000, RBX=0x00000156dafb8620, RCX=0x00000156dafb8620, RDX=0x00000156d0f6ff40
RSP=0x00000030b0cfef70, RBP=0x0000000000000010, RSI=0x0000000000000010, RDI=0x00000156dafb8620
R8 =0x0000000000008b82, R9 =0x0000000000000010, R10=0x00000156d13018e0, R11=0x0000000000000001
R12=0x0000000000000000, R13=0x00000156d07d7d60, R14=0x00000156d0f55040, R15=0x0000000000008b82
RIP=0x00007ffb9ab3a14d, EFLAGS=0x0000000000010246

Top of Stack: (sp=0x00000030b0cfef70)
0x00000030b0cfef70:   00000156b007b800 00007ffba64f1ce5
0x00000030b0cfef80:   00000156b007b800 00000030b0cff130
0x00000030b0cfef90:   00000156dafb8620 00007ffb9ab32d8b
0x00000030b0cfefa0:   00000156d0f6ff40 0000000000008b82
0x00000030b0cfefb0:   00000030b0cff040 00007ffba650e517
0x00000030b0cfefc0:   00000156d0f702d0 00000156d1154d90
0x00000030b0cfefd0:   00000156dafb8620 00007ffb9ab396ff
0x00000030b0cfefe0:   00000156d10f5970 00000156d0f6ff40
0x00000030b0cfeff0:   00007ffb9ab32d20 00007ffba62ca6bb
0x00000030b0cff000:   fffffffffffffffe 00007ffba64f09e7
0x00000030b0cff010:   00000156b007b800 00000030b0cff130
0x00000030b0cff020:   00000156d0f6ff40 00007ffb9ac3af2d
0x00000030b0cff030:   00000156d10f5970 0000000000000001
0x00000030b0cff040:   0000000000008b82 0000000000000010
0x00000030b0cff050:   0000000000000010 0000000000000010
0x00000030b0cff060:   0000000000000140 00000156b3f4f0f7 

Instructions: (pc=0x00007ffb9ab3a14d)
0x00007ffb9ab3a12d:   8d 4f 10 ff d3 89 06 33 c0 48 8b 5c 24 30 48 8b
0x00007ffb9ab3a13d:   74 24 38 48 83 c4 20 5f c3 0f b6 81 24 01 00 00
0x00007ffb9ab3a14d:   41 89 01 33 c0 48 8b 5c 24 30 48 8b 74 24 38 48
0x00007ffb9ab3a15d:   83 c4 20 5f c3 41 81 f8 76 8c 00 00 0f 87 34 02 


Stack slot to memory mapping:
stack at sp + 0 slots: 0x00000156b007b800 is a thread
stack at sp + 1 slots: 0x00007ffba64f1ce5 jvm.dll
stack at sp + 2 slots: 0x00000156b007b800 is a thread
stack at sp + 3 slots: 0x00000030b0cff130 is pointing into the stack for thread: 0x00000156b007b800
stack at sp + 4 slots: 0x00000156dafb8620 points into unknown readable memory: b0 66 31 9b fb 7f 00 00
stack at sp + 5 slots: 0x00007ffb9ab32d8b ig9icd64.dll
stack at sp + 6 slots: 0x00000156d0f6ff40 points into unknown readable memory: 00 8f f1 d0 56 01 00 00
stack at sp + 7 slots: 0x0000000000008b82 is an unknown value


---------------  P R O C E S S  ---------------

Threads class SMR info:
_java_thread_list=0x00000156d1226fe0, length=11, elements={
0x00000156b007b800, 0x00000156d0003800, 0x00000156d0004800, 0x00000156d001a000,
0x00000156d001d800, 0x00000156d0020800, 0x00000156d002c800, 0x00000156d0033000,
0x00000156d09d2800, 0x00000156d0dbe000, 0x00000156d0b97800
}

Java Threads: ( => current thread )
=>0x00000156b007b800 JavaThread "main" [_thread_in_native, id=13428, stack(0x00000030b0c00000,0x00000030b0d00000)]
  0x00000156d0003800 JavaThread "Reference Handler" daemon [_thread_blocked, id=11124, stack(0x00000030b1300000,0x00000030b1400000)]
  0x00000156d0004800 JavaThread "Finalizer" daemon [_thread_blocked, id=10316, stack(0x00000030b1400000,0x00000030b1500000)]
  0x00000156d001a000 JavaThread "Signal Dispatcher" daemon [_thread_blocked, id=12212, stack(0x00000030b1500000,0x00000030b1600000)]
  0x00000156d001d800 JavaThread "Attach Listener" daemon [_thread_blocked, id=10556, stack(0x00000030b1600000,0x00000030b1700000)]
  0x00000156d0020800 JavaThread "C2 CompilerThread0" daemon [_thread_blocked, id=10200, stack(0x00000030b1700000,0x00000030b1800000)]
  0x00000156d002c800 JavaThread "C1 CompilerThread0" daemon [_thread_blocked, id=15620, stack(0x00000030b1800000,0x00000030b1900000)]
  0x00000156d0033000 JavaThread "Sweeper thread" daemon [_thread_blocked, id=13352, stack(0x00000030b1900000,0x00000030b1a00000)]
  0x00000156d09d2800 JavaThread "Common-Cleaner" daemon [_thread_blocked, id=5760, stack(0x00000030b1a00000,0x00000030b1b00000)]
  0x00000156d0dbe000 JavaThread "Monitor Ctrl-Break" daemon [_thread_in_native, id=11516, stack(0x00000030b1c00000,0x00000030b1d00000)]
  0x00000156d0b97800 JavaThread "Service Thread" daemon [_thread_blocked, id=9544, stack(0x00000030b1d00000,0x00000030b1e00000)]

Other Threads:
  0x00000156cffff800 VMThread "VM Thread" [stack: 0x00000030b1200000,0x00000030b1300000] [id=13916]
  0x00000156d0ab4000 WatcherThread [stack: 0x00000030b1e00000,0x00000030b1f00000] [id=10384]
  0x00000156b0091000 GCTaskThread "GC Thread#0" [stack: 0x00000030b0d00000,0x00000030b0e00000] [id=11164]
  0x00000156b00ed800 ConcurrentGCThread "G1 Main Marker" [stack: 0x00000030b0e00000,0x00000030b0f00000] [id=6608]
  0x00000156b00ef800 ConcurrentGCThread "G1 Conc#0" [stack: 0x00000030b0f00000,0x00000030b1000000] [id=8032]
  0x00000156cff0c000 ConcurrentGCThread "G1 Refine#0" [stack: 0x00000030b1000000,0x00000030b1100000] [id=16176]
  0x00000156cff0f000 ConcurrentGCThread "G1 Young RemSet Sampling" [stack: 0x00000030b1100000,0x00000030b1200000] [id=13568]

Threads with active compile tasks:

VM state:not at safepoint (normal execution)

VM Mutex/Monitor currently owned by a thread: None

Heap address: 0x0000000702600000, size: 4058 MB, Compressed Oops mode: Zero based, Oop shift amount: 3
Narrow klass base: 0x0000000800000000, Narrow klass shift: 3
Compressed class space size: 1073741824 Address: 0x0000000840000000

Heap:
 garbage-first heap   total 260096K, used 12288K [0x0000000702600000, 0x0000000800000000)
  region size 1024K, 14 young (14336K), 0 survivors (0K)
 Metaspace       used 5583K, capacity 8462K, committed 8576K, reserved 1056768K
  class space    used 304K, capacity 594K, committed 640K, reserved 1048576K
Heap Regions: E=young(eden), S=young(survivor), O=old, HS=humongous(starts), HC=humongous(continues), CS=collection set, F=free, A=archive, TAMS=top-at-mark-start (previous, next)
|   0|0x0000000702600000, 0x0000000702600000, 0x0000000702700000|  0%| F|  |TAMS 0x0000000702600000, 0x0000000702600000| Untracked 
|   1|0x0000000702700000, 0x0000000702700000, 0x0000000702800000|  0%| F|  |TAMS 0x0000000702700000, 0x0000000702700000| Untracked 
|   2|0x0000000702800000, 0x0000000702800000, 0x0000000702900000|  0%| F|  |TAMS 0x0000000702800000, 0x0000000702800000| Untracked 
|   3|0x0000000702900000, 0x0000000702900000, 0x0000000702a00000|  0%| F|  |TAMS 0x0000000702900000, 0x0000000702900000| Untracked 
|   4|0x0000000702a00000, 0x0000000702a00000, 0x0000000702b00000|  0%| F|  |TAMS 0x0000000702a00000, 0x0000000702a00000| Untracked 
|   5|0x0000000702b00000, 0x0000000702b00000, 0x0000000702c00000|  0%| F|  |TAMS 0x0000000702b00000, 0x0000000702b00000| Untracked 
|   6|0x0000000702c00000, 0x0000000702c00000, 0x0000000702d00000|  0%| F|  |TAMS 0x0000000702c00000, 0x0000000702c00000| Untracked 
|   7|0x0000000702d00000, 0x0000000702d00000, 0x0000000702e00000|  0%| F|  |TAMS 0x0000000702d00000, 0x0000000702d00000| Untracked 
|   8|0x0000000702e00000, 0x0000000702e00000, 0x0000000702f00000|  0%| F|  |TAMS 0x0000000702e00000, 0x0000000702e00000| Untracked 
|   9|0x0000000702f00000, 0x0000000702f00000, 0x0000000703000000|  0%| F|  |TAMS 0x0000000702f00000, 0x0000000702f00000| Untracked 
|  10|0x0000000703000000, 0x0000000703000000, 0x0000000703100000|  0%| F|  |TAMS 0x0000000703000000, 0x0000000703000000| Untracked 
|  11|0x0000000703100000, 0x0000000703100000, 0x0000000703200000|  0%| F|  |TAMS 0x0000000703100000, 0x0000000703100000| Untracked 
|  12|0x0000000703200000, 0x0000000703200000, 0x0000000703300000|  0%| F|  |TAMS 0x0000000703200000, 0x0000000703200000| Untracked 
|  13|0x0000000703300000, 0x0000000703300000, 0x0000000703400000|  0%| F|  |TAMS 0x0000000703300000, 0x0000000703300000| Untracked 
|  14|0x0000000703400000, 0x0000000703400000, 0x0000000703500000|  0%| F|  |TAMS 0x0000000703400000, 0x0000000703400000| Untracked 
|  15|0x0000000703500000, 0x0000000703500000, 0x0000000703600000|  0%| F|  |TAMS 0x0000000703500000, 0x0000000703500000| Untracked 
|  16|0x0000000703600000, 0x0000000703600000, 0x0000000703700000|  0%| F|  |TAMS 0x0000000703600000, 0x0000000703600000| Untracked 
|  17|0x0000000703700000, 0x0000000703700000, 0x0000000703800000|  0%| F|  |TAMS 0x0000000703700000, 0x0000000703700000| Untracked 
|  18|0x0000000703800000, 0x0000000703800000, 0x0000000703900000|  0%| F|  |TAMS 0x0000000703800000, 0x0000000703800000| Untracked 
|  19|0x0000000703900000, 0x0000000703900000, 0x0000000703a00000|  0%| F|  |TAMS 0x0000000703900000, 0x0000000703900000| Untracked 
|  20|0x0000000703a00000, 0x0000000703a00000, 0x0000000703b00000|  0%| F|  |TAMS 0x0000000703a00000, 0x0000000703a00000| Untracked 
|  21|0x0000000703b00000, 0x0000000703b00000, 0x0000000703c00000|  0%| F|  |TAMS 0x0000000703b00000, 0x0000000703b00000| Untracked 
|  22|0x0000000703c00000, 0x0000000703c00000, 0x0000000703d00000|  0%| F|  |TAMS 0x0000000703c00000, 0x0000000703c00000| Untracked 
|  23|0x0000000703d00000, 0x0000000703d00000, 0x0000000703e00000|  0%| F|  |TAMS 0x0000000703d00000, 0x0000000703d00000| Untracked 
|  24|0x0000000703e00000, 0x0000000703e00000, 0x0000000703f00000|  0%| F|  |TAMS 0x0000000703e00000, 0x0000000703e00000| Untracked 
|  25|0x0000000703f00000, 0x0000000703f00000, 0x0000000704000000|  0%| F|  |TAMS 0x0000000703f00000, 0x0000000703f00000| Untracked 
|  26|0x0000000704000000, 0x0000000704000000, 0x0000000704100000|  0%| F|  |TAMS 0x0000000704000000, 0x0000000704000000| Untracked 
|  27|0x0000000704100000, 0x0000000704100000, 0x0000000704200000|  0%| F|  |TAMS 0x0000000704100000, 0x0000000704100000| Untracked 
|  28|0x0000000704200000, 0x0000000704200000, 0x0000000704300000|  0%| F|  |TAMS 0x0000000704200000, 0x0000000704200000| Untracked 
|  29|0x0000000704300000, 0x0000000704300000, 0x0000000704400000|  0%| F|  |TAMS 0x0000000704300000, 0x0000000704300000| Untracked 
|  30|0x0000000704400000, 0x0000000704400000, 0x0000000704500000|  0%| F|  |TAMS 0x0000000704400000, 0x0000000704400000| Untracked 
|  31|0x0000000704500000, 0x0000000704500000, 0x0000000704600000|  0%| F|  |TAMS 0x0000000704500000, 0x0000000704500000| Untracked 
|  32|0x0000000704600000, 0x0000000704600000, 0x0000000704700000|  0%| F|  |TAMS 0x0000000704600000, 0x0000000704600000| Untracked 
|  33|0x0000000704700000, 0x0000000704700000, 0x0000000704800000|  0%| F|  |TAMS 0x0000000704700000, 0x0000000704700000| Untracked 
|  34|0x0000000704800000, 0x0000000704800000, 0x0000000704900000|  0%| F|  |TAMS 0x0000000704800000, 0x0000000704800000| Untracked 
|  35|0x0000000704900000, 0x0000000704900000, 0x0000000704a00000|  0%| F|  |TAMS 0x0000000704900000, 0x0000000704900000| Untracked 
|  36|0x0000000704a00000, 0x0000000704a00000, 0x0000000704b00000|  0%| F|  |TAMS 0x0000000704a00000, 0x0000000704a00000| Untracked 
|  37|0x0000000704b00000, 0x0000000704b00000, 0x0000000704c00000|  0%| F|  |TAMS 0x0000000704b00000, 0x0000000704b00000| Untracked 
|  38|0x0000000704c00000, 0x0000000704c00000, 0x0000000704d00000|  0%| F|  |TAMS 0x0000000704c00000, 0x0000000704c00000| Untracked 
|  39|0x0000000704d00000, 0x0000000704d00000, 0x0000000704e00000|  0%| F|  |TAMS 0x0000000704d00000, 0x0000000704d00000| Untracked 
|  40|0x0000000704e00000, 0x0000000704e00000, 0x0000000704f00000|  0%| F|  |TAMS 0x0000000704e00000, 0x0000000704e00000| Untracked 
|  41|0x0000000704f00000, 0x0000000704f00000, 0x0000000705000000|  0%| F|  |TAMS 0x0000000704f00000, 0x0000000704f00000| Untracked 
|  42|0x0000000705000000, 0x0000000705000000, 0x0000000705100000|  0%| F|  |TAMS 0x0000000705000000, 0x0000000705000000| Untracked 
|  43|0x0000000705100000, 0x0000000705100000, 0x0000000705200000|  0%| F|  |TAMS 0x0000000705100000, 0x0000000705100000| Untracked 
|  44|0x0000000705200000, 0x0000000705200000, 0x0000000705300000|  0%| F|  |TAMS 0x0000000705200000, 0x0000000705200000| Untracked 
|  45|0x0000000705300000, 0x0000000705300000, 0x0000000705400000|  0%| F|  |TAMS 0x0000000705300000, 0x0000000705300000| Untracked 
|  46|0x0000000705400000, 0x0000000705400000, 0x0000000705500000|  0%| F|  |TAMS 0x0000000705400000, 0x0000000705400000| Untracked 
|  47|0x0000000705500000, 0x0000000705500000, 0x0000000705600000|  0%| F|  |TAMS 0x0000000705500000, 0x0000000705500000| Untracked 
|  48|0x0000000705600000, 0x0000000705600000, 0x0000000705700000|  0%| F|  |TAMS 0x0000000705600000, 0x0000000705600000| Untracked 
|  49|0x0000000705700000, 0x0000000705700000, 0x0000000705800000|  0%| F|  |TAMS 0x0000000705700000, 0x0000000705700000| Untracked 
|  50|0x0000000705800000, 0x0000000705800000, 0x0000000705900000|  0%| F|  |TAMS 0x0000000705800000, 0x0000000705800000| Untracked 
|  51|0x0000000705900000, 0x0000000705900000, 0x0000000705a00000|  0%| F|  |TAMS 0x0000000705900000, 0x0000000705900000| Untracked 
|  52|0x0000000705a00000, 0x0000000705a00000, 0x0000000705b00000|  0%| F|  |TAMS 0x0000000705a00000, 0x0000000705a00000| Untracked 
|  53|0x0000000705b00000, 0x0000000705b00000, 0x0000000705c00000|  0%| F|  |TAMS 0x0000000705b00000, 0x0000000705b00000| Untracked 
|  54|0x0000000705c00000, 0x0000000705c00000, 0x0000000705d00000|  0%| F|  |TAMS 0x0000000705c00000, 0x0000000705c00000| Untracked 
|  55|0x0000000705d00000, 0x0000000705d00000, 0x0000000705e00000|  0%| F|  |TAMS 0x0000000705d00000, 0x0000000705d00000| Untracked 
|  56|0x0000000705e00000, 0x0000000705e00000, 0x0000000705f00000|  0%| F|  |TAMS 0x0000000705e00000, 0x0000000705e00000| Untracked 
|  57|0x0000000705f00000, 0x0000000705f00000, 0x0000000706000000|  0%| F|  |TAMS 0x0000000705f00000, 0x0000000705f00000| Untracked 
|  58|0x0000000706000000, 0x0000000706000000, 0x0000000706100000|  0%| F|  |TAMS 0x0000000706000000, 0x0000000706000000| Untracked 
|  59|0x0000000706100000, 0x0000000706100000, 0x0000000706200000|  0%| F|  |TAMS 0x0000000706100000, 0x0000000706100000| Untracked 
|  60|0x0000000706200000, 0x0000000706200000, 0x0000000706300000|  0%| F|  |TAMS 0x0000000706200000, 0x0000000706200000| Untracked 
|  61|0x0000000706300000, 0x0000000706300000, 0x0000000706400000|  0%| F|  |TAMS 0x0000000706300000, 0x0000000706300000| Untracked 
|  62|0x0000000706400000, 0x0000000706400000, 0x0000000706500000|  0%| F|  |TAMS 0x0000000706400000, 0x0000000706400000| Untracked 
|  63|0x0000000706500000, 0x0000000706500000, 0x0000000706600000|  0%| F|  |TAMS 0x0000000706500000, 0x0000000706500000| Untracked 
|  64|0x0000000706600000, 0x0000000706600000, 0x0000000706700000|  0%| F|  |TAMS 0x0000000706600000, 0x0000000706600000| Untracked 
|  65|0x0000000706700000, 0x0000000706700000, 0x0000000706800000|  0%| F|  |TAMS 0x0000000706700000, 0x0000000706700000| Untracked 
|  66|0x0000000706800000, 0x0000000706800000, 0x0000000706900000|  0%| F|  |TAMS 0x0000000706800000, 0x0000000706800000| Untracked 
|  67|0x0000000706900000, 0x0000000706900000, 0x0000000706a00000|  0%| F|  |TAMS 0x0000000706900000, 0x0000000706900000| Untracked 
|  68|0x0000000706a00000, 0x0000000706a00000, 0x0000000706b00000|  0%| F|  |TAMS 0x0000000706a00000, 0x0000000706a00000| Untracked 
|  69|0x0000000706b00000, 0x0000000706b00000, 0x0000000706c00000|  0%| F|  |TAMS 0x0000000706b00000, 0x0000000706b00000| Untracked 
|  70|0x0000000706c00000, 0x0000000706c00000, 0x0000000706d00000|  0%| F|  |TAMS 0x0000000706c00000, 0x0000000706c00000| Untracked 
|  71|0x0000000706d00000, 0x0000000706d00000, 0x0000000706e00000|  0%| F|  |TAMS 0x0000000706d00000, 0x0000000706d00000| Untracked 
|  72|0x0000000706e00000, 0x0000000706e00000, 0x0000000706f00000|  0%| F|  |TAMS 0x0000000706e00000, 0x0000000706e00000| Untracked 
|  73|0x0000000706f00000, 0x0000000706f00000, 0x0000000707000000|  0%| F|  |TAMS 0x0000000706f00000, 0x0000000706f00000| Untracked 
|  74|0x0000000707000000, 0x0000000707000000, 0x0000000707100000|  0%| F|  |TAMS 0x0000000707000000, 0x0000000707000000| Untracked 
|  75|0x0000000707100000, 0x0000000707100000, 0x0000000707200000|  0%| F|  |TAMS 0x0000000707100000, 0x0000000707100000| Untracked 
|  76|0x0000000707200000, 0x0000000707200000, 0x0000000707300000|  0%| F|  |TAMS 0x0000000707200000, 0x0000000707200000| Untracked 
|  77|0x0000000707300000, 0x0000000707300000, 0x0000000707400000|  0%| F|  |TAMS 0x0000000707300000, 0x0000000707300000| Untracked 
|  78|0x0000000707400000, 0x0000000707400000, 0x0000000707500000|  0%| F|  |TAMS 0x0000000707400000, 0x0000000707400000| Untracked 
|  79|0x0000000707500000, 0x0000000707500000, 0x0000000707600000|  0%| F|  |TAMS 0x0000000707500000, 0x0000000707500000| Untracked 
|  80|0x0000000707600000, 0x0000000707600000, 0x0000000707700000|  0%| F|  |TAMS 0x0000000707600000, 0x0000000707600000| Untracked 
|  81|0x0000000707700000, 0x0000000707700000, 0x0000000707800000|  0%| F|  |TAMS 0x0000000707700000, 0x0000000707700000| Untracked 
|  82|0x0000000707800000, 0x0000000707800000, 0x0000000707900000|  0%| F|  |TAMS 0x0000000707800000, 0x0000000707800000| Untracked 
|  83|0x0000000707900000, 0x0000000707900000, 0x0000000707a00000|  0%| F|  |TAMS 0x0000000707900000, 0x0000000707900000| Untracked 
|  84|0x0000000707a00000, 0x0000000707a00000, 0x0000000707b00000|  0%| F|  |TAMS 0x0000000707a00000, 0x0000000707a00000| Untracked 
|  85|0x0000000707b00000, 0x0000000707b00000, 0x0000000707c00000|  0%| F|  |TAMS 0x0000000707b00000, 0x0000000707b00000| Untracked 
|  86|0x0000000707c00000, 0x0000000707c00000, 0x0000000707d00000|  0%| F|  |TAMS 0x0000000707c00000, 0x0000000707c00000| Untracked 
|  87|0x0000000707d00000, 0x0000000707d00000, 0x0000000707e00000|  0%| F|  |TAMS 0x0000000707d00000, 0x0000000707d00000| Untracked 
|  88|0x0000000707e00000, 0x0000000707e00000, 0x0000000707f00000|  0%| F|  |TAMS 0x0000000707e00000, 0x0000000707e00000| Untracked 
|  89|0x0000000707f00000, 0x0000000707f00000, 0x0000000708000000|  0%| F|  |TAMS 0x0000000707f00000, 0x0000000707f00000| Untracked 
|  90|0x0000000708000000, 0x0000000708000000, 0x0000000708100000|  0%| F|  |TAMS 0x0000000708000000, 0x0000000708000000| Untracked 
|  91|0x0000000708100000, 0x0000000708100000, 0x0000000708200000|  0%| F|  |TAMS 0x0000000708100000, 0x0000000708100000| Untracked 
|  92|0x0000000708200000, 0x0000000708200000, 0x0000000708300000|  0%| F|  |TAMS 0x0000000708200000, 0x0000000708200000| Untracked 
|  93|0x0000000708300000, 0x0000000708300000, 0x0000000708400000|  0%| F|  |TAMS 0x0000000708300000, 0x0000000708300000| Untracked 
|  94|0x0000000708400000, 0x0000000708400000, 0x0000000708500000|  0%| F|  |TAMS 0x0000000708400000, 0x0000000708400000| Untracked 
|  95|0x0000000708500000, 0x0000000708500000, 0x0000000708600000|  0%| F|  |TAMS 0x0000000708500000, 0x0000000708500000| Untracked 
|  96|0x0000000708600000, 0x0000000708600000, 0x0000000708700000|  0%| F|  |TAMS 0x0000000708600000, 0x0000000708600000| Untracked 
|  97|0x0000000708700000, 0x0000000708700000, 0x0000000708800000|  0%| F|  |TAMS 0x0000000708700000, 0x0000000708700000| Untracked 
|  98|0x0000000708800000, 0x0000000708800000, 0x0000000708900000|  0%| F|  |TAMS 0x0000000708800000, 0x0000000708800000| Untracked 
|  99|0x0000000708900000, 0x0000000708900000, 0x0000000708a00000|  0%| F|  |TAMS 0x0000000708900000, 0x0000000708900000| Untracked 
| 100|0x0000000708a00000, 0x0000000708a00000, 0x0000000708b00000|  0%| F|  |TAMS 0x0000000708a00000, 0x0000000708a00000| Untracked 
| 101|0x0000000708b00000, 0x0000000708b00000, 0x0000000708c00000|  0%| F|  |TAMS 0x0000000708b00000, 0x0000000708b00000| Untracked 
| 102|0x0000000708c00000, 0x0000000708c00000, 0x0000000708d00000|  0%| F|  |TAMS 0x0000000708c00000, 0x0000000708c00000| Untracked 
| 103|0x0000000708d00000, 0x0000000708d00000, 0x0000000708e00000|  0%| F|  |TAMS 0x0000000708d00000, 0x0000000708d00000| Untracked 
| 104|0x0000000708e00000, 0x0000000708e00000, 0x0000000708f00000|  0%| F|  |TAMS 0x0000000708e00000, 0x0000000708e00000| Untracked 
| 105|0x0000000708f00000, 0x0000000708f00000, 0x0000000709000000|  0%| F|  |TAMS 0x0000000708f00000, 0x0000000708f00000| Untracked 
| 106|0x0000000709000000, 0x0000000709000000, 0x0000000709100000|  0%| F|  |TAMS 0x0000000709000000, 0x0000000709000000| Untracked 
| 107|0x0000000709100000, 0x0000000709100000, 0x0000000709200000|  0%| F|  |TAMS 0x0000000709100000, 0x0000000709100000| Untracked 
| 108|0x0000000709200000, 0x0000000709200000, 0x0000000709300000|  0%| F|  |TAMS 0x0000000709200000, 0x0000000709200000| Untracked 
| 109|0x0000000709300000, 0x0000000709300000, 0x0000000709400000|  0%| F|  |TAMS 0x0000000709300000, 0x0000000709300000| Untracked 
| 110|0x0000000709400000, 0x0000000709400000, 0x0000000709500000|  0%| F|  |TAMS 0x0000000709400000, 0x0000000709400000| Untracked 
| 111|0x0000000709500000, 0x0000000709500000, 0x0000000709600000|  0%| F|  |TAMS 0x0000000709500000, 0x0000000709500000| Untracked 
| 112|0x0000000709600000, 0x0000000709600000, 0x0000000709700000|  0%| F|  |TAMS 0x0000000709600000, 0x0000000709600000| Untracked 
| 113|0x0000000709700000, 0x0000000709700000, 0x0000000709800000|  0%| F|  |TAMS 0x0000000709700000, 0x0000000709700000| Untracked 
| 114|0x0000000709800000, 0x0000000709800000, 0x0000000709900000|  0%| F|  |TAMS 0x0000000709800000, 0x0000000709800000| Untracked 
| 115|0x0000000709900000, 0x0000000709900000, 0x0000000709a00000|  0%| F|  |TAMS 0x0000000709900000, 0x0000000709900000| Untracked 
| 116|0x0000000709a00000, 0x0000000709a00000, 0x0000000709b00000|  0%| F|  |TAMS 0x0000000709a00000, 0x0000000709a00000| Untracked 
| 117|0x0000000709b00000, 0x0000000709b00000, 0x0000000709c00000|  0%| F|  |TAMS 0x0000000709b00000, 0x0000000709b00000| Untracked 
| 118|0x0000000709c00000, 0x0000000709c00000, 0x0000000709d00000|  0%| F|  |TAMS 0x0000000709c00000, 0x0000000709c00000| Untracked 
| 119|0x0000000709d00000, 0x0000000709d00000, 0x0000000709e00000|  0%| F|  |TAMS 0x0000000709d00000, 0x0000000709d00000| Untracked 
| 120|0x0000000709e00000, 0x0000000709e00000, 0x0000000709f00000|  0%| F|  |TAMS 0x0000000709e00000, 0x0000000709e00000| Untracked 
| 121|0x0000000709f00000, 0x0000000709f00000, 0x000000070a000000|  0%| F|  |TAMS 0x0000000709f00000, 0x0000000709f00000| Untracked 
| 122|0x000000070a000000, 0x000000070a000000, 0x000000070a100000|  0%| F|  |TAMS 0x000000070a000000, 0x000000070a000000| Untracked 
| 123|0x000000070a100000, 0x000000070a100000, 0x000000070a200000|  0%| F|  |TAMS 0x000000070a100000, 0x000000070a100000| Untracked 
| 124|0x000000070a200000, 0x000000070a200000, 0x000000070a300000|  0%| F|  |TAMS 0x000000070a200000, 0x000000070a200000| Untracked 
| 125|0x000000070a300000, 0x000000070a300000, 0x000000070a400000|  0%| F|  |TAMS 0x000000070a300000, 0x000000070a300000| Untracked 
| 126|0x000000070a400000, 0x000000070a400000, 0x000000070a500000|  0%| F|  |TAMS 0x000000070a400000, 0x000000070a400000| Untracked 
| 127|0x000000070a500000, 0x000000070a500000, 0x000000070a600000|  0%| F|  |TAMS 0x000000070a500000, 0x000000070a500000| Untracked 
| 128|0x000000070a600000, 0x000000070a600000, 0x000000070a700000|  0%| F|  |TAMS 0x000000070a600000, 0x000000070a600000| Untracked 
| 129|0x000000070a700000, 0x000000070a700000, 0x000000070a800000|  0%| F|  |TAMS 0x000000070a700000, 0x000000070a700000| Untracked 
| 130|0x000000070a800000, 0x000000070a800000, 0x000000070a900000|  0%| F|  |TAMS 0x000000070a800000, 0x000000070a800000| Untracked 
| 131|0x000000070a900000, 0x000000070a900000, 0x000000070aa00000|  0%| F|  |TAMS 0x000000070a900000, 0x000000070a900000| Untracked 
| 132|0x000000070aa00000, 0x000000070aa00000, 0x000000070ab00000|  0%| F|  |TAMS 0x000000070aa00000, 0x000000070aa00000| Untracked 
| 133|0x000000070ab00000, 0x000000070ab00000, 0x000000070ac00000|  0%| F|  |TAMS 0x000000070ab00000, 0x000000070ab00000| Untracked 
| 134|0x000000070ac00000, 0x000000070ac00000, 0x000000070ad00000|  0%| F|  |TAMS 0x000000070ac00000, 0x000000070ac00000| Untracked 
| 135|0x000000070ad00000, 0x000000070ad00000, 0x000000070ae00000|  0%| F|  |TAMS 0x000000070ad00000, 0x000000070ad00000| Untracked 
| 136|0x000000070ae00000, 0x000000070ae00000, 0x000000070af00000|  0%| F|  |TAMS 0x000000070ae00000, 0x000000070ae00000| Untracked 
| 137|0x000000070af00000, 0x000000070af00000, 0x000000070b000000|  0%| F|  |TAMS 0x000000070af00000, 0x000000070af00000| Untracked 
| 138|0x000000070b000000, 0x000000070b000000, 0x000000070b100000|  0%| F|  |TAMS 0x000000070b000000, 0x000000070b000000| Untracked 
| 139|0x000000070b100000, 0x000000070b100000, 0x000000070b200000|  0%| F|  |TAMS 0x000000070b100000, 0x000000070b100000| Untracked 
| 140|0x000000070b200000, 0x000000070b200000, 0x000000070b300000|  0%| F|  |TAMS 0x000000070b200000, 0x000000070b200000| Untracked 
| 141|0x000000070b300000, 0x000000070b300000, 0x000000070b400000|  0%| F|  |TAMS 0x000000070b300000, 0x000000070b300000| Untracked 
| 142|0x000000070b400000, 0x000000070b400000, 0x000000070b500000|  0%| F|  |TAMS 0x000000070b400000, 0x000000070b400000| Untracked 
| 143|0x000000070b500000, 0x000000070b500000, 0x000000070b600000|  0%| F|  |TAMS 0x000000070b500000, 0x000000070b500000| Untracked 
| 144|0x000000070b600000, 0x000000070b600000, 0x000000070b700000|  0%| F|  |TAMS 0x000000070b600000, 0x000000070b600000| Untracked 
| 145|0x000000070b700000, 0x000000070b700000, 0x000000070b800000|  0%| F|  |TAMS 0x000000070b700000, 0x000000070b700000| Untracked 
| 146|0x000000070b800000, 0x000000070b800000, 0x000000070b900000|  0%| F|  |TAMS 0x000000070b800000, 0x000000070b800000| Untracked 
| 147|0x000000070b900000, 0x000000070b900000, 0x000000070ba00000|  0%| F|  |TAMS 0x000000070b900000, 0x000000070b900000| Untracked 
| 148|0x000000070ba00000, 0x000000070ba00000, 0x000000070bb00000|  0%| F|  |TAMS 0x000000070ba00000, 0x000000070ba00000| Untracked 
| 149|0x000000070bb00000, 0x000000070bb00000, 0x000000070bc00000|  0%| F|  |TAMS 0x000000070bb00000, 0x000000070bb00000| Untracked 
| 150|0x000000070bc00000, 0x000000070bc00000, 0x000000070bd00000|  0%| F|  |TAMS 0x000000070bc00000, 0x000000070bc00000| Untracked 
| 151|0x000000070bd00000, 0x000000070bd00000, 0x000000070be00000|  0%| F|  |TAMS 0x000000070bd00000, 0x000000070bd00000| Untracked 
| 152|0x000000070be00000, 0x000000070be00000, 0x000000070bf00000|  0%| F|  |TAMS 0x000000070be00000, 0x000000070be00000| Untracked 
| 153|0x000000070bf00000, 0x000000070bf00000, 0x000000070c000000|  0%| F|  |TAMS 0x000000070bf00000, 0x000000070bf00000| Untracked 
| 154|0x000000070c000000, 0x000000070c000000, 0x000000070c100000|  0%| F|  |TAMS 0x000000070c000000, 0x000000070c000000| Untracked 
| 155|0x000000070c100000, 0x000000070c100000, 0x000000070c200000|  0%| F|  |TAMS 0x000000070c100000, 0x000000070c100000| Untracked 
| 156|0x000000070c200000, 0x000000070c200000, 0x000000070c300000|  0%| F|  |TAMS 0x000000070c200000, 0x000000070c200000| Untracked 
| 157|0x000000070c300000, 0x000000070c300000, 0x000000070c400000|  0%| F|  |TAMS 0x000000070c300000, 0x000000070c300000| Untracked 
| 158|0x000000070c400000, 0x000000070c400000, 0x000000070c500000|  0%| F|  |TAMS 0x000000070c400000, 0x000000070c400000| Untracked 
| 159|0x000000070c500000, 0x000000070c500000, 0x000000070c600000|  0%| F|  |TAMS 0x000000070c500000, 0x000000070c500000| Untracked 
| 160|0x000000070c600000, 0x000000070c600000, 0x000000070c700000|  0%| F|  |TAMS 0x000000070c600000, 0x000000070c600000| Untracked 
| 161|0x000000070c700000, 0x000000070c700000, 0x000000070c800000|  0%| F|  |TAMS 0x000000070c700000, 0x000000070c700000| Untracked 
| 162|0x000000070c800000, 0x000000070c800000, 0x000000070c900000|  0%| F|  |TAMS 0x000000070c800000, 0x000000070c800000| Untracked 
| 163|0x000000070c900000, 0x000000070c900000, 0x000000070ca00000|  0%| F|  |TAMS 0x000000070c900000, 0x000000070c900000| Untracked 
| 164|0x000000070ca00000, 0x000000070ca00000, 0x000000070cb00000|  0%| F|  |TAMS 0x000000070ca00000, 0x000000070ca00000| Untracked 
| 165|0x000000070cb00000, 0x000000070cb00000, 0x000000070cc00000|  0%| F|  |TAMS 0x000000070cb00000, 0x000000070cb00000| Untracked 
| 166|0x000000070cc00000, 0x000000070cc00000, 0x000000070cd00000|  0%| F|  |TAMS 0x000000070cc00000, 0x000000070cc00000| Untracked 
| 167|0x000000070cd00000, 0x000000070cd00000, 0x000000070ce00000|  0%| F|  |TAMS 0x000000070cd00000, 0x000000070cd00000| Untracked 
| 168|0x000000070ce00000, 0x000000070ce00000, 0x000000070cf00000|  0%| F|  |TAMS 0x000000070ce00000, 0x000000070ce00000| Untracked 
| 169|0x000000070cf00000, 0x000000070cf00000, 0x000000070d000000|  0%| F|  |TAMS 0x000000070cf00000, 0x000000070cf00000| Untracked 
| 170|0x000000070d000000, 0x000000070d000000, 0x000000070d100000|  0%| F|  |TAMS 0x000000070d000000, 0x000000070d000000| Untracked 
| 171|0x000000070d100000, 0x000000070d100000, 0x000000070d200000|  0%| F|  |TAMS 0x000000070d100000, 0x000000070d100000| Untracked 
| 172|0x000000070d200000, 0x000000070d200000, 0x000000070d300000|  0%| F|  |TAMS 0x000000070d200000, 0x000000070d200000| Untracked 
| 173|0x000000070d300000, 0x000000070d300000, 0x000000070d400000|  0%| F|  |TAMS 0x000000070d300000, 0x000000070d300000| Untracked 
| 174|0x000000070d400000, 0x000000070d400000, 0x000000070d500000|  0%| F|  |TAMS 0x000000070d400000, 0x000000070d400000| Untracked 
| 175|0x000000070d500000, 0x000000070d500000, 0x000000070d600000|  0%| F|  |TAMS 0x000000070d500000, 0x000000070d500000| Untracked 
| 176|0x000000070d600000, 0x000000070d600000, 0x000000070d700000|  0%| F|  |TAMS 0x000000070d600000, 0x000000070d600000| Untracked 
| 177|0x000000070d700000, 0x000000070d700000, 0x000000070d800000|  0%| F|  |TAMS 0x000000070d700000, 0x000000070d700000| Untracked 
| 178|0x000000070d800000, 0x000000070d800000, 0x000000070d900000|  0%| F|  |TAMS 0x000000070d800000, 0x000000070d800000| Untracked 
| 179|0x000000070d900000, 0x000000070d900000, 0x000000070da00000|  0%| F|  |TAMS 0x000000070d900000, 0x000000070d900000| Untracked 
| 180|0x000000070da00000, 0x000000070da00000, 0x000000070db00000|  0%| F|  |TAMS 0x000000070da00000, 0x000000070da00000| Untracked 
| 181|0x000000070db00000, 0x000000070db00000, 0x000000070dc00000|  0%| F|  |TAMS 0x000000070db00000, 0x000000070db00000| Untracked 
| 182|0x000000070dc00000, 0x000000070dc00000, 0x000000070dd00000|  0%| F|  |TAMS 0x000000070dc00000, 0x000000070dc00000| Untracked 
| 183|0x000000070dd00000, 0x000000070dd00000, 0x000000070de00000|  0%| F|  |TAMS 0x000000070dd00000, 0x000000070dd00000| Untracked 
| 184|0x000000070de00000, 0x000000070de00000, 0x000000070df00000|  0%| F|  |TAMS 0x000000070de00000, 0x000000070de00000| Untracked 
| 185|0x000000070df00000, 0x000000070df00000, 0x000000070e000000|  0%| F|  |TAMS 0x000000070df00000, 0x000000070df00000| Untracked 
| 186|0x000000070e000000, 0x000000070e000000, 0x000000070e100000|  0%| F|  |TAMS 0x000000070e000000, 0x000000070e000000| Untracked 
| 187|0x000000070e100000, 0x000000070e100000, 0x000000070e200000|  0%| F|  |TAMS 0x000000070e100000, 0x000000070e100000| Untracked 
| 188|0x000000070e200000, 0x000000070e200000, 0x000000070e300000|  0%| F|  |TAMS 0x000000070e200000, 0x000000070e200000| Untracked 
| 189|0x000000070e300000, 0x000000070e300000, 0x000000070e400000|  0%| F|  |TAMS 0x000000070e300000, 0x000000070e300000| Untracked 
| 190|0x000000070e400000, 0x000000070e400000, 0x000000070e500000|  0%| F|  |TAMS 0x000000070e400000, 0x000000070e400000| Untracked 
| 191|0x000000070e500000, 0x000000070e500000, 0x000000070e600000|  0%| F|  |TAMS 0x000000070e500000, 0x000000070e500000| Untracked 
| 192|0x000000070e600000, 0x000000070e600000, 0x000000070e700000|  0%| F|  |TAMS 0x000000070e600000, 0x000000070e600000| Untracked 
| 193|0x000000070e700000, 0x000000070e700000, 0x000000070e800000|  0%| F|  |TAMS 0x000000070e700000, 0x000000070e700000| Untracked 
| 194|0x000000070e800000, 0x000000070e800000, 0x000000070e900000|  0%| F|  |TAMS 0x000000070e800000, 0x000000070e800000| Untracked 
| 195|0x000000070e900000, 0x000000070e900000, 0x000000070ea00000|  0%| F|  |TAMS 0x000000070e900000, 0x000000070e900000| Untracked 
| 196|0x000000070ea00000, 0x000000070ea00000, 0x000000070eb00000|  0%| F|  |TAMS 0x000000070ea00000, 0x000000070ea00000| Untracked 
| 197|0x000000070eb00000, 0x000000070eb00000, 0x000000070ec00000|  0%| F|  |TAMS 0x000000070eb00000, 0x000000070eb00000| Untracked 
| 198|0x000000070ec00000, 0x000000070ec00000, 0x000000070ed00000|  0%| F|  |TAMS 0x000000070ec00000, 0x000000070ec00000| Untracked 
| 199|0x000000070ed00000, 0x000000070ed00000, 0x000000070ee00000|  0%| F|  |TAMS 0x000000070ed00000, 0x000000070ed00000| Untracked 
| 200|0x000000070ee00000, 0x000000070ee00000, 0x000000070ef00000|  0%| F|  |TAMS 0x000000070ee00000, 0x000000070ee00000| Untracked 
| 201|0x000000070ef00000, 0x000000070ef00000, 0x000000070f000000|  0%| F|  |TAMS 0x000000070ef00000, 0x000000070ef00000| Untracked 
| 202|0x000000070f000000, 0x000000070f000000, 0x000000070f100000|  0%| F|  |TAMS 0x000000070f000000, 0x000000070f000000| Untracked 
| 203|0x000000070f100000, 0x000000070f100000, 0x000000070f200000|  0%| F|  |TAMS 0x000000070f100000, 0x000000070f100000| Untracked 
| 204|0x000000070f200000, 0x000000070f200000, 0x000000070f300000|  0%| F|  |TAMS 0x000000070f200000, 0x000000070f200000| Untracked 
| 205|0x000000070f300000, 0x000000070f300000, 0x000000070f400000|  0%| F|  |TAMS 0x000000070f300000, 0x000000070f300000| Untracked 
| 206|0x000000070f400000, 0x000000070f400000, 0x000000070f500000|  0%| F|  |TAMS 0x000000070f400000, 0x000000070f400000| Untracked 
| 207|0x000000070f500000, 0x000000070f500000, 0x000000070f600000|  0%| F|  |TAMS 0x000000070f500000, 0x000000070f500000| Untracked 
| 208|0x000000070f600000, 0x000000070f600000, 0x000000070f700000|  0%| F|  |TAMS 0x000000070f600000, 0x000000070f600000| Untracked 
| 209|0x000000070f700000, 0x000000070f700000, 0x000000070f800000|  0%| F|  |TAMS 0x000000070f700000, 0x000000070f700000| Untracked 
| 210|0x000000070f800000, 0x000000070f800000, 0x000000070f900000|  0%| F|  |TAMS 0x000000070f800000, 0x000000070f800000| Untracked 
| 211|0x000000070f900000, 0x000000070f900000, 0x000000070fa00000|  0%| F|  |TAMS 0x000000070f900000, 0x000000070f900000| Untracked 
| 212|0x000000070fa00000, 0x000000070fa00000, 0x000000070fb00000|  0%| F|  |TAMS 0x000000070fa00000, 0x000000070fa00000| Untracked 
| 213|0x000000070fb00000, 0x000000070fb00000, 0x000000070fc00000|  0%| F|  |TAMS 0x000000070fb00000, 0x000000070fb00000| Untracked 
| 214|0x000000070fc00000, 0x000000070fc00000, 0x000000070fd00000|  0%| F|  |TAMS 0x000000070fc00000, 0x000000070fc00000| Untracked 
| 215|0x000000070fd00000, 0x000000070fd00000, 0x000000070fe00000|  0%| F|  |TAMS 0x000000070fd00000, 0x000000070fd00000| Untracked 
| 216|0x000000070fe00000, 0x000000070fe00000, 0x000000070ff00000|  0%| F|  |TAMS 0x000000070fe00000, 0x000000070fe00000| Untracked 
| 217|0x000000070ff00000, 0x000000070ff00000, 0x0000000710000000|  0%| F|  |TAMS 0x000000070ff00000, 0x000000070ff00000| Untracked 
| 218|0x0000000710000000, 0x0000000710000000, 0x0000000710100000|  0%| F|  |TAMS 0x0000000710000000, 0x0000000710000000| Untracked 
| 219|0x0000000710100000, 0x0000000710100000, 0x0000000710200000|  0%| F|  |TAMS 0x0000000710100000, 0x0000000710100000| Untracked 
| 220|0x0000000710200000, 0x0000000710200000, 0x0000000710300000|  0%| F|  |TAMS 0x0000000710200000, 0x0000000710200000| Untracked 
| 221|0x0000000710300000, 0x0000000710300000, 0x0000000710400000|  0%| F|  |TAMS 0x0000000710300000, 0x0000000710300000| Untracked 
| 222|0x0000000710400000, 0x0000000710400000, 0x0000000710500000|  0%| F|  |TAMS 0x0000000710400000, 0x0000000710400000| Untracked 
| 223|0x0000000710500000, 0x0000000710500000, 0x0000000710600000|  0%| F|  |TAMS 0x0000000710500000, 0x0000000710500000| Untracked 
| 224|0x0000000710600000, 0x0000000710600000, 0x0000000710700000|  0%| F|  |TAMS 0x0000000710600000, 0x0000000710600000| Untracked 
| 225|0x0000000710700000, 0x0000000710700000, 0x0000000710800000|  0%| F|  |TAMS 0x0000000710700000, 0x0000000710700000| Untracked 
| 226|0x0000000710800000, 0x0000000710800000, 0x0000000710900000|  0%| F|  |TAMS 0x0000000710800000, 0x0000000710800000| Untracked 
| 227|0x0000000710900000, 0x0000000710900000, 0x0000000710a00000|  0%| F|  |TAMS 0x0000000710900000, 0x0000000710900000| Untracked 
| 228|0x0000000710a00000, 0x0000000710a00000, 0x0000000710b00000|  0%| F|  |TAMS 0x0000000710a00000, 0x0000000710a00000| Untracked 
| 229|0x0000000710b00000, 0x0000000710b00000, 0x0000000710c00000|  0%| F|  |TAMS 0x0000000710b00000, 0x0000000710b00000| Untracked 
| 230|0x0000000710c00000, 0x0000000710c00000, 0x0000000710d00000|  0%| F|  |TAMS 0x0000000710c00000, 0x0000000710c00000| Untracked 
| 231|0x0000000710d00000, 0x0000000710d00000, 0x0000000710e00000|  0%| F|  |TAMS 0x0000000710d00000, 0x0000000710d00000| Untracked 
| 232|0x0000000710e00000, 0x0000000710e00000, 0x0000000710f00000|  0%| F|  |TAMS 0x0000000710e00000, 0x0000000710e00000| Untracked 
| 233|0x0000000710f00000, 0x0000000710f00000, 0x0000000711000000|  0%| F|  |TAMS 0x0000000710f00000, 0x0000000710f00000| Untracked 
| 234|0x0000000711000000, 0x0000000711000000, 0x0000000711100000|  0%| F|  |TAMS 0x0000000711000000, 0x0000000711000000| Untracked 
| 235|0x0000000711100000, 0x0000000711100000, 0x0000000711200000|  0%| F|  |TAMS 0x0000000711100000, 0x0000000711100000| Untracked 
| 236|0x0000000711200000, 0x0000000711200000, 0x0000000711300000|  0%| F|  |TAMS 0x0000000711200000, 0x0000000711200000| Untracked 
| 237|0x0000000711300000, 0x0000000711300000, 0x0000000711400000|  0%| F|  |TAMS 0x0000000711300000, 0x0000000711300000| Untracked 
| 238|0x0000000711400000, 0x0000000711400000, 0x0000000711500000|  0%| F|  |TAMS 0x0000000711400000, 0x0000000711400000| Untracked 
| 239|0x0000000711500000, 0x0000000711500000, 0x0000000711600000|  0%| F|  |TAMS 0x0000000711500000, 0x0000000711500000| Untracked 
| 240|0x0000000711600000, 0x000000071167cca8, 0x0000000711700000| 48%| E|  |TAMS 0x0000000711600000, 0x0000000711600000| Complete 
| 241|0x0000000711700000, 0x0000000711800000, 0x0000000711800000|100%| E|CS|TAMS 0x0000000711700000, 0x0000000711700000| Complete 
| 242|0x0000000711800000, 0x0000000711900000, 0x0000000711900000|100%| E|CS|TAMS 0x0000000711800000, 0x0000000711800000| Complete 
| 243|0x0000000711900000, 0x0000000711a00000, 0x0000000711a00000|100%| E|CS|TAMS 0x0000000711900000, 0x0000000711900000| Complete 
| 244|0x0000000711a00000, 0x0000000711b00000, 0x0000000711b00000|100%| E|CS|TAMS 0x0000000711a00000, 0x0000000711a00000| Complete 
| 245|0x0000000711b00000, 0x0000000711c00000, 0x0000000711c00000|100%| E|CS|TAMS 0x0000000711b00000, 0x0000000711b00000| Complete 
| 246|0x0000000711c00000, 0x0000000711cffd28, 0x0000000711d00000| 99%| E|  |TAMS 0x0000000711c00000, 0x0000000711c00000| Complete 
| 247|0x0000000711d00000, 0x0000000711e00000, 0x0000000711e00000|100%| E|CS|TAMS 0x0000000711d00000, 0x0000000711d00000| Complete 
| 248|0x0000000711e00000, 0x0000000711f00000, 0x0000000711f00000|100%| E|CS|TAMS 0x0000000711e00000, 0x0000000711e00000| Complete 
| 249|0x0000000711f00000, 0x0000000712000000, 0x0000000712000000|100%| E|CS|TAMS 0x0000000711f00000, 0x0000000711f00000| Complete 
| 250|0x0000000712000000, 0x0000000712100000, 0x0000000712100000|100%| E|CS|TAMS 0x0000000712000000, 0x0000000712000000| Complete 
| 251|0x0000000712100000, 0x0000000712200000, 0x0000000712200000|100%| E|CS|TAMS 0x0000000712100000, 0x0000000712100000| Complete 
| 252|0x0000000712200000, 0x0000000712300000, 0x0000000712300000|100%| E|CS|TAMS 0x0000000712200000, 0x0000000712200000| Complete 
| 253|0x0000000712300000, 0x0000000712400000, 0x0000000712400000|100%| E|CS|TAMS 0x0000000712300000, 0x0000000712300000| Complete 

Card table byte_map: [0x00000156c43c0000,0x00000156c4bb0000] _byte_map_base: 0x00000156c0bad000

Marking Bits (Prev, Next): (CMBitMap*) 0x00000156b00dcbf8, (CMBitMap*) 0x00000156b00dcc30
 Prev Bits: [0x00000156c53a0000, 0x00000156c9308000)
 Next Bits: [0x00000156c9310000, 0x00000156cd278000)

Polling page: 0x00000156ae7a0000

Metaspace:

Usage:
  Non-class:      7.68 MB capacity,     5.16 MB ( 67%) used,     2.52 MB ( 33%) free+waste,    11.38 KB ( <1%) overhead. 
      Class:    594.00 KB capacity,   304.12 KB ( 51%) used,   284.70 KB ( 48%) free+waste,     5.19 KB ( <1%) overhead. 
       Both:      8.26 MB capacity,     5.45 MB ( 66%) used,     2.80 MB ( 34%) free+waste,    16.56 KB ( <1%) overhead. 

Virtual space:
  Non-class space:        8.00 MB reserved,       7.75 MB ( 97%) committed 
      Class space:        1.00 GB reserved,     640.00 KB ( <1%) committed 
             Both:        1.01 GB reserved,       8.38 MB ( <1%) committed 

Chunk freelists:
   Non-Class:  68.00 KB
       Class:  14.00 KB
        Both:  82.00 KB

CodeHeap 'non-profiled nmethods': size=120000Kb used=230Kb max_used=230Kb free=119770Kb
 bounds [0x00000156bba10000, 0x00000156bbc80000, 0x00000156c2f40000]
CodeHeap 'profiled nmethods': size=120000Kb used=1265Kb max_used=1265Kb free=118734Kb
 bounds [0x00000156b44e0000, 0x00000156b4750000, 0x00000156bba10000]
CodeHeap 'non-nmethods': size=5760Kb used=1442Kb max_used=1456Kb free=4317Kb
 bounds [0x00000156b3f40000, 0x00000156b41b0000, 0x00000156b44e0000]
 total_blobs=1831 nmethods=758 adapters=842
 compilation: enabled
              stopped_count=0, restarted_count=0
 full_count=0

Compilation events (10 events):
Event: 0.531 Thread 0x00000156d002c800  753       3       java.util.WeakHashMap::put (162 bytes)
Event: 0.532 Thread 0x00000156d002c800 nmethod 753 0x00000156b4619390 code [0x00000156b4619620, 0x00000156b461a700]
Event: 0.533 Thread 0x00000156d002c800  754       3       java.io.File::exists (43 bytes)
Event: 0.533 Thread 0x00000156d002c800 nmethod 754 0x00000156b461ac10 code [0x00000156b461ae00, 0x00000156b461b250]
Event: 0.536 Thread 0x00000156d002c800  756       3       jdk.internal.org.objectweb.asm.ClassWriter::newNameType (10 bytes)
Event: 0.536 Thread 0x00000156d002c800 nmethod 756 0x00000156b461b390 code [0x00000156b461b560, 0x00000156b461b730]
Event: 0.536 Thread 0x00000156d002c800  757       3       jdk.internal.org.objectweb.asm.ClassWriter::newNameTypeItem (71 bytes)
Event: 0.536 Thread 0x00000156d002c800 nmethod 757 0x00000156b461b810 code [0x00000156b461ba40, 0x00000156b461bf40]
Event: 0.536 Thread 0x00000156d002c800  758       3       java.lang.invoke.MethodType::toMethodDescriptorString (28 bytes)
Event: 0.536 Thread 0x00000156d002c800 nmethod 758 0x00000156b461c190 code [0x00000156b461c360, 0x00000156b461c5d0]

GC Heap History (0 events):
No events

Deoptimization events (5 events):
Event: 0.078 Thread 0x00000156b007b800 Uncommon trap: reason=class_check action=maybe_recompile pc=0x00000156bba1e4b0 method=java.util.HashMap.putVal(ILjava/lang/Object;Ljava/lang/Object;ZZ)Ljava/lang/Object; @ 152 c2
Event: 0.078 Thread 0x00000156b007b800 Uncommon trap: reason=class_check action=maybe_recompile pc=0x00000156bba1e4b0 method=java.util.HashMap.putVal(ILjava/lang/Object;Ljava/lang/Object;ZZ)Ljava/lang/Object; @ 152 c2
Event: 0.078 Thread 0x00000156b007b800 Uncommon trap: reason=class_check action=maybe_recompile pc=0x00000156bba1e4b0 method=java.util.HashMap.putVal(ILjava/lang/Object;Ljava/lang/Object;ZZ)Ljava/lang/Object; @ 152 c2
Event: 0.081 Thread 0x00000156b007b800 Uncommon trap: reason=class_check action=maybe_recompile pc=0x00000156bba1e4b0 method=java.util.HashMap.putVal(ILjava/lang/Object;Ljava/lang/Object;ZZ)Ljava/lang/Object; @ 152 c2
Event: 0.089 Thread 0x00000156b007b800 Uncommon trap: reason=unstable_if action=reinterpret pc=0x00000156bba16024 method=java.lang.String.isLatin1()Z @ 10 c2

Classes redefined (0 events):
No events

Internal exceptions (10 events):
Event: 0.130 Thread 0x00000156b007b800 Exception <a 'java/lang/NoSuchMethodError'{0x0000000711f692b8}: java.lang.invoke.DirectMethodHandle$Holder.invokeStaticInit(Ljava/lang/Object;Ljava/lang/Object;Ljava/lang/Object;)Ljava/lang/Object;> (0x0000000711f692b8) thrown at [c:/BuildAgent/work/5ff2f
Event: 0.146 Thread 0x00000156b007b800 Exception <a 'sun/nio/fs/WindowsException'{0x0000000711fa47c0}> (0x0000000711fa47c0) thrown at [c:/BuildAgent/work/5ff2f6c26000d570/src/hotspot/share/prims/jni.cpp, line 615]
Event: 0.146 Thread 0x00000156b007b800 Exception <a 'sun/nio/fs/WindowsException'{0x0000000711fa4d18}> (0x0000000711fa4d18) thrown at [c:/BuildAgent/work/5ff2f6c26000d570/src/hotspot/share/prims/jni.cpp, line 615]
Event: 0.165 Thread 0x00000156b007b800 Exception <a 'sun/nio/fs/WindowsException'{0x0000000711e6ca88}> (0x0000000711e6ca88) thrown at [c:/BuildAgent/work/5ff2f6c26000d570/src/hotspot/share/prims/jni.cpp, line 615]
Event: 0.165 Thread 0x00000156b007b800 Exception <a 'sun/nio/fs/WindowsException'{0x0000000711e6cdf8}> (0x0000000711e6cdf8) thrown at [c:/BuildAgent/work/5ff2f6c26000d570/src/hotspot/share/prims/jni.cpp, line 615]
Event: 0.386 Thread 0x00000156b007b800 Exception <a 'sun/nio/fs/WindowsException'{0x0000000711d0b8c0}> (0x0000000711d0b8c0) thrown at [c:/BuildAgent/work/5ff2f6c26000d570/src/hotspot/share/prims/jni.cpp, line 615]
Event: 0.386 Thread 0x00000156b007b800 Exception <a 'sun/nio/fs/WindowsException'{0x0000000711d0bc70}> (0x0000000711d0bc70) thrown at [c:/BuildAgent/work/5ff2f6c26000d570/src/hotspot/share/prims/jni.cpp, line 615]
Event: 0.388 Thread 0x00000156b007b800 Exception <a 'sun/nio/fs/WindowsException'{0x0000000711d19c28}> (0x0000000711d19c28) thrown at [c:/BuildAgent/work/5ff2f6c26000d570/src/hotspot/share/prims/jni.cpp, line 615]
Event: 0.388 Thread 0x00000156b007b800 Exception <a 'sun/nio/fs/WindowsException'{0x0000000711d19f10}> (0x0000000711d19f10) thrown at [c:/BuildAgent/work/5ff2f6c26000d570/src/hotspot/share/prims/jni.cpp, line 615]
Event: 0.526 Thread 0x00000156b007b800 Exception <a 'java/lang/NoSuchMethodError'{0x000000071177ac50}: java.lang.invoke.DirectMethodHandle$Holder.invokeStatic(Ljava/lang/Object;JII)V> (0x000000071177ac50) thrown at [c:/BuildAgent/work/5ff2f6c26000d570/src/hotspot/share/interpreter/linkResolver

Events (10 events):
Event: 0.535 loading class org/lwjgl/system/APIUtil$Encoder
Event: 0.535 loading class org/lwjgl/system/APIUtil$Encoder done
Event: 0.535 loading class org/lwjgl/system/APIUtil$Encoder
Event: 0.535 loading class org/lwjgl/system/APIUtil$Encoder done
Event: 0.536 loading class JHobbyEngine/StringCallback
Event: 0.536 loading class JHobbyEngine/StringCallback done
Event: 0.536 loading class JHobbyEngine/GLProgram
Event: 0.536 loading class JHobbyEngine/GLProgram done
Event: 0.537 loading class JHobbyEngine/StringCallback
Event: 0.537 loading class JHobbyEngine/StringCallback done


Dynamic libraries:
0x00007ff78bce0000 - 0x00007ff78bd27000 	C:\Program Files\JetBrains\IntelliJ IDEA Community Edition 2019.2.1\jbr\bin\java.exe
0x00007ffbe53e0000 - 0x00007ffbe55c1000 	C:\Windows\SYSTEM32\ntdll.dll
0x00007ffbd9bd0000 - 0x00007ffbd9be2000 	C:\Program Files\AVG\Antivirus\aswhook.dll
0x00007ffbe3110000 - 0x00007ffbe31c1000 	C:\Windows\System32\KERNEL32.DLL
0x00007ffbe24c0000 - 0x00007ffbe2733000 	C:\Windows\System32\KERNELBASE.dll
0x00007ffbe3460000 - 0x00007ffbe35f0000 	C:\Windows\System32\USER32.dll
0x00007ffbe2840000 - 0x00007ffbe2860000 	C:\Windows\System32\win32u.dll
0x00007ffbe3880000 - 0x00007ffbe38a8000 	C:\Windows\System32\GDI32.dll
0x00007ffbe2270000 - 0x00007ffbe2401000 	C:\Windows\System32\gdi32full.dll
0x00007ffbe2740000 - 0x00007ffbe27df000 	C:\Windows\System32\msvcp_win.dll
0x00007ffbe2170000 - 0x00007ffbe2268000 	C:\Windows\System32\ucrtbase.dll
0x00007ffbbfab0000 - 0x00007ffbbfd19000 	C:\Windows\WinSxS\amd64_microsoft.windows.common-controls_6595b64144ccf1df_6.0.17134.1006_none_d3fbb8f77c940c3f\COMCTL32.dll
0x00007ffbe35f0000 - 0x00007ffbe368e000 	C:\Windows\System32\msvcrt.dll
0x00007ffbe2a80000 - 0x00007ffbe2da1000 	C:\Windows\System32\combase.dll
0x00007ffbe5280000 - 0x00007ffbe53a4000 	C:\Windows\System32\RPCRT4.dll
0x00007ffbe1f00000 - 0x00007ffbe1f79000 	C:\Windows\System32\bcryptPrimitives.dll
0x00007ffbe3250000 - 0x00007ffbe327d000 	C:\Windows\System32\IMM32.DLL
0x00007ffbd4ff0000 - 0x00007ffbd5007000 	C:\Program Files\JetBrains\IntelliJ IDEA Community Edition 2019.2.1\jbr\bin\vcruntime140.dll
0x00007ffbd4f50000 - 0x00007ffbd4fed000 	C:\Program Files\JetBrains\IntelliJ IDEA Community Edition 2019.2.1\jbr\bin\msvcp140.dll
0x00007ffba5f60000 - 0x00007ffba6a17000 	C:\Program Files\JetBrains\IntelliJ IDEA Community Edition 2019.2.1\jbr\bin\server\jvm.dll
0x00007ffbe3690000 - 0x00007ffbe3731000 	C:\Windows\System32\ADVAPI32.dll
0x00007ffbe5150000 - 0x00007ffbe51ab000 	C:\Windows\System32\sechost.dll
0x00007ffbe31d0000 - 0x00007ffbe31d8000 	C:\Windows\System32\PSAPI.DLL
0x00007ffbd4260000 - 0x00007ffbd4269000 	C:\Windows\SYSTEM32\WSOCK32.dll
0x00007ffbe31e0000 - 0x00007ffbe324c000 	C:\Windows\System32\WS2_32.dll
0x00007ffbd93b0000 - 0x00007ffbd93d3000 	C:\Windows\SYSTEM32\WINMM.dll
0x00007ffbdce30000 - 0x00007ffbdce3a000 	C:\Windows\SYSTEM32\VERSION.dll
0x00007ffbd9380000 - 0x00007ffbd93aa000 	C:\Windows\SYSTEM32\WINMMBASE.dll
0x00007ffbe1eb0000 - 0x00007ffbe1ef9000 	C:\Windows\System32\cfgmgr32.dll
0x00007ffbe1750000 - 0x00007ffbe1761000 	C:\Windows\System32\kernel.appcore.dll
0x00007ffbd5c50000 - 0x00007ffbd5c61000 	C:\Program Files\JetBrains\IntelliJ IDEA Community Edition 2019.2.1\jbr\bin\verify.dll
0x00007ffbdb100000 - 0x00007ffbdb2c9000 	C:\Windows\SYSTEM32\DBGHELP.DLL
0x00007ffbdb500000 - 0x00007ffbdb529000 	C:\Windows\SYSTEM32\dbgcore.DLL
0x00007ffbd5920000 - 0x00007ffbd5949000 	C:\Program Files\JetBrains\IntelliJ IDEA Community Edition 2019.2.1\jbr\bin\java.dll
0x00007ffbddab0000 - 0x00007ffbddae4000 	C:\Program Files\JetBrains\IntelliJ IDEA Community Edition 2019.2.1\jbr\bin\instrument.dll
0x00007ffbd5c30000 - 0x00007ffbd5c47000 	C:\Program Files\JetBrains\IntelliJ IDEA Community Edition 2019.2.1\jbr\bin\zip.dll
0x00007ffbdcc50000 - 0x00007ffbdcc5b000 	C:\Program Files\JetBrains\IntelliJ IDEA Community Edition 2019.2.1\jbr\bin\jimage.dll
0x00007ffbe38b0000 - 0x00007ffbe4cf2000 	C:\Windows\System32\SHELL32.dll
0x00007ffbe3740000 - 0x00007ffbe37e9000 	C:\Windows\System32\shcore.dll
0x00007ffbe17a0000 - 0x00007ffbe1eae000 	C:\Windows\System32\windows.storage.dll
0x00007ffbe2860000 - 0x00007ffbe28b1000 	C:\Windows\System32\shlwapi.dll
0x00007ffbe1770000 - 0x00007ffbe178f000 	C:\Windows\System32\profapi.dll
0x00007ffbe1700000 - 0x00007ffbe174c000 	C:\Windows\System32\powrprof.dll
0x00007ffbe1790000 - 0x00007ffbe179a000 	C:\Windows\System32\FLTLIB.DLL
0x00007ffbd5900000 - 0x00007ffbd591a000 	C:\Program Files\JetBrains\IntelliJ IDEA Community Edition 2019.2.1\jbr\bin\net.dll
0x00007ffbdd0a0000 - 0x00007ffbdd17d000 	C:\Windows\SYSTEM32\WINHTTP.dll
0x00007ffbd0330000 - 0x00007ffbd04fa000 	C:\Windows\SYSTEM32\urlmon.dll
0x00007ffbce4b0000 - 0x00007ffbce757000 	C:\Windows\SYSTEM32\iertutil.dll
0x00007ffbe1130000 - 0x00007ffbe113b000 	C:\Windows\SYSTEM32\CRYPTBASE.DLL
0x00007ffbe0f60000 - 0x00007ffbe0fc6000 	C:\Windows\system32\mswsock.dll
0x00007ffbd58e0000 - 0x00007ffbd58f4000 	C:\Program Files\JetBrains\IntelliJ IDEA Community Edition 2019.2.1\jbr\bin\nio.dll
0x00007ffbddb80000 - 0x00007ffbddb9a000 	C:\Program Files\JetBrains\IntelliJ IDEA Community Edition 2019.2.1\bin\breakgen64.dll
0x00007ffbdd030000 - 0x00007ffbdd094000 	C:\Users\mitch\AppData\Local\Temp\lwjglmitch\3.2.3-build-13\lwjgl.dll
0x00007ffbdcb60000 - 0x00007ffbdcbc2000 	C:\Users\mitch\AppData\Local\Temp\lwjglmitch\3.2.3-build-13\glfw.dll
0x00007ffbdfa90000 - 0x00007ffbdfb28000 	C:\Windows\system32\uxtheme.dll
0x00007ffbdcb10000 - 0x00007ffbdcb53000 	C:\Windows\SYSTEM32\dinput8.dll
0x00007ffbddb70000 - 0x00007ffbddb80000 	C:\Windows\SYSTEM32\xinput1_4.dll
0x00007ffbe14f0000 - 0x00007ffbe1517000 	C:\Windows\SYSTEM32\DEVOBJ.dll
0x00007ffbdfd70000 - 0x00007ffbdfd99000 	C:\Windows\SYSTEM32\dwmapi.dll
0x00007ffbcfd90000 - 0x00007ffbcfe09000 	C:\Windows\SYSTEM32\inputhost.dll
0x00007ffbdf420000 - 0x00007ffbdf4fa000 	C:\Windows\SYSTEM32\CoreMessaging.dll
0x00007ffbddc10000 - 0x00007ffbddd5d000 	C:\Windows\SYSTEM32\wintypes.dll
0x00007ffbd8ca0000 - 0x00007ffbd8fbe000 	C:\Windows\SYSTEM32\CoreUIComponents.dll
0x00007ffbe07a0000 - 0x00007ffbe07d1000 	C:\Windows\SYSTEM32\ntmarta.dll
0x00007ffbe3280000 - 0x00007ffbe33f3000 	C:\Windows\System32\MSCTF.dll
0x00007ffbe51b0000 - 0x00007ffbe5272000 	C:\Windows\System32\OLEAUT32.dll
0x00007ffbe0300000 - 0x00007ffbe030c000 	C:\Windows\SYSTEM32\HID.DLL
0x00007ffbe4d00000 - 0x00007ffbe514b000 	C:\Windows\System32\SETUPAPI.DLL
0x00007ffbe27e0000 - 0x00007ffbe2837000 	C:\Windows\System32\WINTRUST.dll
0x00007ffbe16e0000 - 0x00007ffbe16f2000 	C:\Windows\System32\MSASN1.dll
0x00007ffbe1f80000 - 0x00007ffbe2162000 	C:\Windows\System32\CRYPT32.dll
0x00007ffbd4d60000 - 0x00007ffbd4e80000 	C:\Windows\SYSTEM32\opengl32.dll
0x00007ffbdc200000 - 0x00007ffbdc22c000 	C:\Windows\SYSTEM32\GLU32.dll
0x00007ffb9a950000 - 0x00007ffb9b7e3000 	C:\Windows\System32\DriverStore\FileRepository\iigd_dch_base.inf_amd64_b95c9a044993331b\ig9icd64.dll
0x00007ffbe0470000 - 0x00007ffbe052b000 	C:\Windows\system32\dxgi.dll
0x00007ffbd80d0000 - 0x00007ffbd81b2000 	C:\Windows\System32\DriverStore\FileRepository\iigd_dch_base.inf_amd64_b95c9a044993331b\igdgmm64.dll
0x00007ffbb24c0000 - 0x00007ffbb4425000 	C:\Windows\System32\DriverStore\FileRepository\iigd_dch_base.inf_amd64_b95c9a044993331b\igc64.dll
0x00007ffbcfcf0000 - 0x00007ffbcfd86000 	C:\Windows\System32\TextInputFramework.dll
0x00007ffbd8070000 - 0x00007ffbd80c9000 	C:\Users\mitch\AppData\Local\Temp\lwjglmitch\3.2.3-build-13\lwjgl_opengl.dll

dbghelp: loaded successfully - version: 4.0.5 - missing functions: none
symbol engine: initialized successfully - sym options: 0x614 - pdb path: .;C:\Program Files\JetBrains\IntelliJ IDEA Community Edition 2019.2.1\jbr\bin;C:\Windows\SYSTEM32;C:\Program Files\AVG\Antivirus;C:\Windows\WinSxS\amd64_microsoft.windows.common-controls_6595b64144ccf1df_6.0.17134.1006_none_d3fbb8f77c940c3f;C:\Program Files\JetBrains\IntelliJ IDEA Community Edition 2019.2.1\jbr\bin\server;C:\Program Files\JetBrains\IntelliJ IDEA Community Edition 2019.2.1\bin;C:\Users\mitch\AppData\Local\Temp\lwjglmitch\3.2.3-build-13;C:\Windows\System32\DriverStore\FileRepository\iigd_dch_base.inf_amd64_b95c9a044993331b

VM Arguments:
jvm_args: -javaagent:C:\Program Files\JetBrains\IntelliJ IDEA Community Edition 2019.2.1\lib\idea_rt.jar=60710:C:\Program Files\JetBrains\IntelliJ IDEA Community Edition 2019.2.1\bin -Dfile.encoding=UTF-8 
java_command: Main
java_class_path (initial): D:\JavaProjects\JHobbyEngine\out\production\JHobbyEngine;D:\JavaProjects\JHobbyEngine\libs\lwjgl-glfw.jar;D:\JavaProjects\JHobbyEngine\libs\lwjgl-opengl.jar;D:\JavaProjects\JHobbyEngine\libs\lwjgl.jar;D:\JavaProjects\JHobbyEngine\libs\lwjgl-glfw-natives-windows.jar;D:\JavaProjects\JHobbyEngine\libs\lwjgl-natives-windows.jar;D:\JavaProjects\JHobbyEngine\libs\lwjgl-opengl-natives-windows.jar
Launcher Type: SUN_STANDARD

[Global flags]
     intx CICompilerCount                          = 4                                         {product} {ergonomic}
     uint ConcGCThreads                            = 3                                         {product} {ergonomic}
     uint G1ConcRefinementThreads                  = 10                                        {product} {ergonomic}
   size_t G1HeapRegionSize                         = 1048576                                   {product} {ergonomic}
    uintx GCDrainStackTargetSize                   = 64                                        {product} {ergonomic}
   size_t InitialHeapSize                          = 266338304                                 {product} {ergonomic}
   size_t MarkStackSize                            = 4194304                                   {product} {ergonomic}
   size_t MaxHeapSize                              = 4255121408                                {product} {ergonomic}
   size_t MaxNewSize                               = 2552233984                                {product} {ergonomic}
   size_t MinHeapDeltaBytes                        = 1048576                                   {product} {ergonomic}
    uintx NonNMethodCodeHeapSize                   = 5835340                                {pd product} {ergonomic}
    uintx NonProfiledCodeHeapSize                  = 122911450                              {pd product} {ergonomic}
    uintx ProfiledCodeHeapSize                     = 122911450                              {pd product} {ergonomic}
    uintx ReservedCodeCacheSize                    = 251658240                              {pd product} {ergonomic}
     bool SegmentedCodeCache                       = true                                      {product} {ergonomic}
     bool UseCompressedClassPointers               = true                                 {lp64_product} {ergonomic}
     bool UseCompressedOops                        = true                                 {lp64_product} {ergonomic}
     bool UseG1GC                                  = true                                      {product} {ergonomic}
     bool UseLargePagesIndividualAllocation        = false                                  {pd product} {ergonomic}

Logging:
Log output configuration:
 #0: stdout all=warning uptime,level,tags
 #1: stderr all=off uptime,level,tags

Environment Variables:
PATH=C:\Program Files (x86)\Intel\Intel(R) Management Engine Components\iCLS\;C:\Program Files\Intel\Intel(R) Management Engine Components\iCLS\;C:\Windows\system32;C:\Windows;C:\Windows\System32\Wbem;C:\Windows\System32\WindowsPowerShell\v1.0\;C:\Windows\System32\OpenSSH\;C:\Program Files (x86)\Intel\Intel(R) Management Engine Components\DAL;C:\Program Files\Intel\Intel(R) Management Engine Components\DAL;C:\Program Files (x86)\Intel\Intel(R) Management Engine Components\IPT;C:\Program Files\Intel\Intel(R) Management Engine Components\IPT;C:\Program Files (x86)\NVIDIA Corporation\PhysX\Common;C:\Program Files\Intel\WiFi\bin\;C:\Program Files\Common Files\Intel\WirelessCommon\;C:\Program Files\Git\cmd;C:\Program Files\nodejs\;C:\Users\mitch\AppData\Local\Programs\Python\Python37-32\Scripts\;C:\Users\mitch\AppData\Local\Programs\Python\Python37-32\;C:\Users\mitch\AppData\Local\Microsoft\WindowsApps;;C:\Users\mitch\AppData\Local\Programs\Microsoft VS Code\bin;C:\Program Files\JetBrains\IntelliJ IDEA 2019.2.1\bin;;C:\Program Files\JetBrains\IntelliJ IDEA Community Edition 2019.2.1\bin;;C:\Users\mitch\AppData\Roaming\npm
USERNAME=mitch
OS=Windows_NT
PROCESSOR_IDENTIFIER=Intel64 Family 6 Model 158 Stepping 10, GenuineIntel



---------------  S Y S T E M  ---------------

OS: Windows 10 , 64 bit Build 17134 (10.0.17134.753)

CPU:total 12 (initial active 12) (6 cores per cpu, 2 threads per core) family 6 model 158 stepping 10, cmov, cx8, fxsr, mmx, sse, sse2, sse3, ssse3, sse4.1, sse4.2, popcnt, avx, avx2, aes, clmul, erms, 3dnowpref, lzcnt, ht, tsc, tscinvbit, bmi1, bmi2, adx, fma

Memory: 4k page, system-wide physical 16230M (11281M free)
TotalPageFile size 18662M (AvailPageFile size 11722M)
current process WorkingSet (physical memory assigned to process): 92M, peak: 92M
current process commit charge ("private bytes"): 364M, peak: 364M

vm_info: OpenJDK 64-Bit Server VM (11.0.3+12-b304.39) for windows-amd64 JRE (11.0.3+12-b304.39), built on Aug 14 2019 11:03:43 by "" with MS VC++ 14.0 (VS2015)

END.
