#
# A fatal error has been detected by the Java Runtime Environment:
#
#  EXCEPTION_ACCESS_VIOLATION (0xc0000005) at pc=0x00007ffb6b9ddda0, pid=16300, tid=3032
#
# JRE version: OpenJDK Runtime Environment (11.0.3+12) (build 11.0.3+12-b304.39)
# Java VM: OpenJDK 64-Bit Server VM (11.0.3+12-b304.39, mixed mode, sharing, tiered, compressed oops, g1 gc, windows-amd64)
# Problematic frame:
# C  [ig9icd64.dll+0x89dda0]
#
# No core dump will be written. Minidumps are not enabled by default on client versions of Windows
#
# If you would like to submit a bug report, please visit:
#   http://bugreport.java.com/bugreport/crash.jsp
# The crash happened outside the Java Virtual Machine in native code.
# See problematic frame for where to report the bug.
#

---------------  S U M M A R Y ------------

Command Line: -javaagent:C:\Program Files\JetBrains\IntelliJ IDEA Community Edition 2019.2.1\lib\idea_rt.jar=59508:C:\Program Files\JetBrains\IntelliJ IDEA Community Edition 2019.2.1\bin -Dfile.encoding=UTF-8 Main

Host: Intel(R) Core(TM) i7-8750H CPU @ 2.20GHz, 12 cores, 15G,  Windows 10 , 64 bit Build 17134 (10.0.17134.753)
Time: Sun Sep 22 16:07:54 2019 Eastern Standard Time elapsed time: 0 seconds (0d 0h 0m 0s)

---------------  T H R E A D  ---------------

Current thread (0x00000226c52aa000):  JavaThread "main" [_thread_in_native, id=3032, stack(0x000000f1e5000000,0x000000f1e5100000)]

Stack: [0x000000f1e5000000,0x000000f1e5100000],  sp=0x000000f1e50ff058,  free space=1020k
Native frames: (J=compiled Java code, j=interpreted, Vv=VM code, C=native code)
C  [ig9icd64.dll+0x89dda0]

Java frames: (J=compiled Java code, j=interpreted, Vv=VM code)
j  org.lwjgl.system.JNI.callPPV(II[IJJ)V+0
j  org.lwjgl.opengl.GL20C.glGetProgramInfoLog(I[ILjava/nio/ByteBuffer;)V+34
j  org.lwjgl.opengl.GL20.glGetProgramInfoLog(I[ILjava/nio/ByteBuffer;)V+3
j  JHobbyEngine.GLProgram.create(Ljava/util/Collection;LJHobbyEngine/StringCallback;)Z+117
j  Main.loop()V+252
j  Main.run()V+19
j  Main.main([Ljava/lang/String;)V+7
v  ~StubRoutines::call_stub

siginfo: EXCEPTION_ACCESS_VIOLATION (0xc0000005), writing address 0x0000000000000010


Register to memory mapping:

RIP=0x00007ffb6b9ddda0 ig9icd64.dll
RAX=0x00000226e5a5f040 points into unknown readable memory: 00 00 00 00 00 00 00 00
RBX=0x00000226e5b1e2d0 points into unknown readable memory: b8 70 b0 6b fb 7f 00 00
RCX=0x0000000000000020 is an unknown value
RDX=0x00000226e5d772c0 points into unknown readable memory: 6d 55 6e 69 66 6f 72 6d
RSP=0x000000f1e50ff058 is pointing into the stack for thread: 0x00000226c52aa000
RBP=0x0000000000000010 is an unknown value
RSI=0x00000226e5d772d0 points into unknown readable memory: 4c 69 6e 6b 20 63 61 6c
RDI=0x0000000000000031 is an unknown value
R8 =0x0000000000000021 is an unknown value
R9 =0x0000000000000002 is an unknown value
R10=0x00000226e5d772d0 points into unknown readable memory: 4c 69 6e 6b 20 63 61 6c
R11=0x0000000000000010 is an unknown value
R12=0x0 is NULL
R13=0x00000226e4fd74e8 is pointing into metadata
R14=0x0000000000000031 is an unknown value
R15=0x00000226c52aa000 is a thread


Registers:
RAX=0x00000226e5a5f040, RBX=0x00000226e5b1e2d0, RCX=0x0000000000000020, RDX=0x00000226e5d772c0
RSP=0x000000f1e50ff058, RBP=0x0000000000000010, RSI=0x00000226e5d772d0, RDI=0x0000000000000031
R8 =0x0000000000000021, R9 =0x0000000000000002, R10=0x00000226e5d772d0, R11=0x0000000000000010
R12=0x0000000000000000, R13=0x00000226e4fd74e8, R14=0x0000000000000031, R15=0x00000226c52aa000
RIP=0x00007ffb6b9ddda0, EFLAGS=0x0000000000010202

Top of Stack: (sp=0x000000f1e50ff058)
0x000000f1e50ff058:   00007ffb6b40b2e7 00000226e52a0870
0x000000f1e50ff068:   00000226c52aa000 0000000000000000
0x000000f1e50ff078:   0000000000000000 fffffffffffffffe
0x000000f1e50ff088:   0000000000000000 0000000000000032
0x000000f1e50ff098:   00000226e59c2280 0000000000000010
0x000000f1e50ff0a8:   00007ffb6b429d0c 00000226e5b1e2d0
0x000000f1e50ff0b8:   0000000000000001 00000226e5cb4a20
0x000000f1e50ff0c8:   00000226e4fd74e8 00000226e5cb4a20
0x000000f1e50ff0d8:   0000000000000010 0000000000000001
0x000000f1e50ff0e8:   00007ffbae885294 000000f1e50ff200
0x000000f1e50ff0f8:   0000000000000032 00000226e5cb4a20
0x000000f1e50ff108:   00000226c52aa340 000000f1e50ff210
0x000000f1e50ff118:   00000226c915f0f7 00000226e4fd74f0
0x000000f1e50ff128:   000000f1e50ff1c0 0000000000000010
0x000000f1e50ff138:   0000000000000010 000000f1e50ff200
0x000000f1e50ff148:   0000000000000010 00007ffb6b518540 

Instructions: (pc=0x00007ffb6b9ddda0)
0x00007ffb6b9ddd80:   04 11 48 83 c1 10 49 83 e8 10 4d 8b c8 49 c1 e9
0x00007ffb6b9ddd90:   04 74 1e 66 66 66 66 66 0f 1f 84 00 00 00 00 00
0x00007ffb6b9ddda0:   0f 11 41 f0 0f 10 04 11 48 83 c1 10 49 ff c9 75
0x00007ffb6b9dddb0:   ef 49 83 e0 0f 74 0d 4a 8d 04 01 0f 10 4c 10 f0 


Stack slot to memory mapping:
stack at sp + 0 slots: 0x00007ffb6b40b2e7 ig9icd64.dll
stack at sp + 1 slots: {method} {0x00000226e52a0878} 'glGetProgramInfoLog' '(I[ILjava/nio/ByteBuffer;)V' in 'org/lwjgl/opengl/GL20C'
stack at sp + 2 slots: 0x00000226c52aa000 is a thread
stack at sp + 3 slots: 0x0 is NULL
stack at sp + 4 slots: 0x0 is NULL
stack at sp + 5 slots: 0xfffffffffffffffe is an unknown value
stack at sp + 6 slots: 0x0 is NULL
stack at sp + 7 slots: 0x0000000000000032 is an unknown value


---------------  P R O C E S S  ---------------

Threads class SMR info:
_java_thread_list=0x00000226e5b00a50, length=11, elements={
0x00000226c52aa000, 0x00000226e4ac3000, 0x00000226e4ac4800, 0x00000226e4adc000,
0x00000226e4add800, 0x00000226e4ae3800, 0x00000226e4af1800, 0x00000226e4af3000,
0x00000226e5498000, 0x00000226e55f7800, 0x00000226e567d000
}

Java Threads: ( => current thread )
=>0x00000226c52aa000 JavaThread "main" [_thread_in_native, id=3032, stack(0x000000f1e5000000,0x000000f1e5100000)]
  0x00000226e4ac3000 JavaThread "Reference Handler" daemon [_thread_blocked, id=12052, stack(0x000000f1e5700000,0x000000f1e5800000)]
  0x00000226e4ac4800 JavaThread "Finalizer" daemon [_thread_blocked, id=2812, stack(0x000000f1e5800000,0x000000f1e5900000)]
  0x00000226e4adc000 JavaThread "Signal Dispatcher" daemon [_thread_blocked, id=11300, stack(0x000000f1e5900000,0x000000f1e5a00000)]
  0x00000226e4add800 JavaThread "Attach Listener" daemon [_thread_blocked, id=14264, stack(0x000000f1e5a00000,0x000000f1e5b00000)]
  0x00000226e4ae3800 JavaThread "C2 CompilerThread0" daemon [_thread_blocked, id=8644, stack(0x000000f1e5b00000,0x000000f1e5c00000)]
  0x00000226e4af1800 JavaThread "C1 CompilerThread0" daemon [_thread_blocked, id=15352, stack(0x000000f1e5c00000,0x000000f1e5d00000)]
  0x00000226e4af3000 JavaThread "Sweeper thread" daemon [_thread_blocked, id=7584, stack(0x000000f1e5d00000,0x000000f1e5e00000)]
  0x00000226e5498000 JavaThread "Common-Cleaner" daemon [_thread_blocked, id=10592, stack(0x000000f1e5e00000,0x000000f1e5f00000)]
  0x00000226e55f7800 JavaThread "Monitor Ctrl-Break" daemon [_thread_in_native, id=14552, stack(0x000000f1e6000000,0x000000f1e6100000)]
  0x00000226e567d000 JavaThread "Service Thread" daemon [_thread_blocked, id=13832, stack(0x000000f1e6100000,0x000000f1e6200000)]

Other Threads:
  0x00000226e4abd000 VMThread "VM Thread" [stack: 0x000000f1e5600000,0x000000f1e5700000] [id=9360]
  0x00000226e567d800 WatcherThread [stack: 0x000000f1e6200000,0x000000f1e6300000] [id=11280]
  0x00000226c52c1000 GCTaskThread "GC Thread#0" [stack: 0x000000f1e5100000,0x000000f1e5200000] [id=8704]
  0x00000226c531d800 ConcurrentGCThread "G1 Main Marker" [stack: 0x000000f1e5200000,0x000000f1e5300000] [id=13164]
  0x00000226c5320000 ConcurrentGCThread "G1 Conc#0" [stack: 0x000000f1e5300000,0x000000f1e5400000] [id=9408]
  0x00000226e49cc800 ConcurrentGCThread "G1 Refine#0" [stack: 0x000000f1e5400000,0x000000f1e5500000] [id=15740]
  0x00000226e49cd800 ConcurrentGCThread "G1 Young RemSet Sampling" [stack: 0x000000f1e5500000,0x000000f1e5600000] [id=15820]

Threads with active compile tasks:

VM state:not at safepoint (normal execution)

VM Mutex/Monitor currently owned by a thread: None

Heap address: 0x0000000702600000, size: 4058 MB, Compressed Oops mode: Zero based, Oop shift amount: 3
Narrow klass base: 0x0000000800000000, Narrow klass shift: 3
Compressed class space size: 1073741824 Address: 0x0000000840000000

Heap:
 garbage-first heap   total 260096K, used 12288K [0x0000000702600000, 0x0000000800000000)
  region size 1024K, 14 young (14336K), 0 survivors (0K)
 Metaspace       used 5561K, capacity 8462K, committed 8576K, reserved 1056768K
  class space    used 303K, capacity 594K, committed 640K, reserved 1048576K
Heap Regions: E=young(eden), S=young(survivor), O=old, HS=humongous(starts), HC=humongous(continues), CS=collection set, F=free, A=archive, TAMS=top-at-mark-start (previous, next)
|   0|0x0000000702600000, 0x0000000702600000, 0x0000000702700000|  0%| F|  |TAMS 0x0000000702600000, 0x0000000702600000| Untracked 
|   1|0x0000000702700000, 0x0000000702700000, 0x0000000702800000|  0%| F|  |TAMS 0x0000000702700000, 0x0000000702700000| Untracked 
|   2|0x0000000702800000, 0x0000000702800000, 0x0000000702900000|  0%| F|  |TAMS 0x0000000702800000, 0x0000000702800000| Untracked 
|   3|0x0000000702900000, 0x0000000702900000, 0x0000000702a00000|  0%| F|  |TAMS 0x0000000702900000, 0x0000000702900000| Untracked 
|   4|0x0000000702a00000, 0x0000000702a00000, 0x0000000702b00000|  0%| F|  |TAMS 0x0000000702a00000, 0x0000000702a00000| Untracked 
|   5|0x0000000702b00000, 0x0000000702b00000, 0x0000000702c00000|  0%| F|  |TAMS 0x0000000702b00000, 0x0000000702b00000| Untracked 
|   6|0x0000000702c00000, 0x0000000702c00000, 0x0000000702d00000|  0%| F|  |TAMS 0x0000000702c00000, 0x0000000702c00000| Untracked 
|   7|0x0000000702d00000, 0x0000000702d00000, 0x0000000702e00000|  0%| F|  |TAMS 0x0000000702d00000, 0x0000000702d00000| Untracked 
|   8|0x0000000702e00000, 0x0000000702e00000, 0x0000000702f00000|  0%| F|  |TAMS 0x0000000702e00000, 0x0000000702e00000| Untracked 
|   9|0x0000000702f00000, 0x0000000702f00000, 0x0000000703000000|  0%| F|  |TAMS 0x0000000702f00000, 0x0000000702f00000| Untracked 
|  10|0x0000000703000000, 0x0000000703000000, 0x0000000703100000|  0%| F|  |TAMS 0x0000000703000000, 0x0000000703000000| Untracked 
|  11|0x0000000703100000, 0x0000000703100000, 0x0000000703200000|  0%| F|  |TAMS 0x0000000703100000, 0x0000000703100000| Untracked 
|  12|0x0000000703200000, 0x0000000703200000, 0x0000000703300000|  0%| F|  |TAMS 0x0000000703200000, 0x0000000703200000| Untracked 
|  13|0x0000000703300000, 0x0000000703300000, 0x0000000703400000|  0%| F|  |TAMS 0x0000000703300000, 0x0000000703300000| Untracked 
|  14|0x0000000703400000, 0x0000000703400000, 0x0000000703500000|  0%| F|  |TAMS 0x0000000703400000, 0x0000000703400000| Untracked 
|  15|0x0000000703500000, 0x0000000703500000, 0x0000000703600000|  0%| F|  |TAMS 0x0000000703500000, 0x0000000703500000| Untracked 
|  16|0x0000000703600000, 0x0000000703600000, 0x0000000703700000|  0%| F|  |TAMS 0x0000000703600000, 0x0000000703600000| Untracked 
|  17|0x0000000703700000, 0x0000000703700000, 0x0000000703800000|  0%| F|  |TAMS 0x0000000703700000, 0x0000000703700000| Untracked 
|  18|0x0000000703800000, 0x0000000703800000, 0x0000000703900000|  0%| F|  |TAMS 0x0000000703800000, 0x0000000703800000| Untracked 
|  19|0x0000000703900000, 0x0000000703900000, 0x0000000703a00000|  0%| F|  |TAMS 0x0000000703900000, 0x0000000703900000| Untracked 
|  20|0x0000000703a00000, 0x0000000703a00000, 0x0000000703b00000|  0%| F|  |TAMS 0x0000000703a00000, 0x0000000703a00000| Untracked 
|  21|0x0000000703b00000, 0x0000000703b00000, 0x0000000703c00000|  0%| F|  |TAMS 0x0000000703b00000, 0x0000000703b00000| Untracked 
|  22|0x0000000703c00000, 0x0000000703c00000, 0x0000000703d00000|  0%| F|  |TAMS 0x0000000703c00000, 0x0000000703c00000| Untracked 
|  23|0x0000000703d00000, 0x0000000703d00000, 0x0000000703e00000|  0%| F|  |TAMS 0x0000000703d00000, 0x0000000703d00000| Untracked 
|  24|0x0000000703e00000, 0x0000000703e00000, 0x0000000703f00000|  0%| F|  |TAMS 0x0000000703e00000, 0x0000000703e00000| Untracked 
|  25|0x0000000703f00000, 0x0000000703f00000, 0x0000000704000000|  0%| F|  |TAMS 0x0000000703f00000, 0x0000000703f00000| Untracked 
|  26|0x0000000704000000, 0x0000000704000000, 0x0000000704100000|  0%| F|  |TAMS 0x0000000704000000, 0x0000000704000000| Untracked 
|  27|0x0000000704100000, 0x0000000704100000, 0x0000000704200000|  0%| F|  |TAMS 0x0000000704100000, 0x0000000704100000| Untracked 
|  28|0x0000000704200000, 0x0000000704200000, 0x0000000704300000|  0%| F|  |TAMS 0x0000000704200000, 0x0000000704200000| Untracked 
|  29|0x0000000704300000, 0x0000000704300000, 0x0000000704400000|  0%| F|  |TAMS 0x0000000704300000, 0x0000000704300000| Untracked 
|  30|0x0000000704400000, 0x0000000704400000, 0x0000000704500000|  0%| F|  |TAMS 0x0000000704400000, 0x0000000704400000| Untracked 
|  31|0x0000000704500000, 0x0000000704500000, 0x0000000704600000|  0%| F|  |TAMS 0x0000000704500000, 0x0000000704500000| Untracked 
|  32|0x0000000704600000, 0x0000000704600000, 0x0000000704700000|  0%| F|  |TAMS 0x0000000704600000, 0x0000000704600000| Untracked 
|  33|0x0000000704700000, 0x0000000704700000, 0x0000000704800000|  0%| F|  |TAMS 0x0000000704700000, 0x0000000704700000| Untracked 
|  34|0x0000000704800000, 0x0000000704800000, 0x0000000704900000|  0%| F|  |TAMS 0x0000000704800000, 0x0000000704800000| Untracked 
|  35|0x0000000704900000, 0x0000000704900000, 0x0000000704a00000|  0%| F|  |TAMS 0x0000000704900000, 0x0000000704900000| Untracked 
|  36|0x0000000704a00000, 0x0000000704a00000, 0x0000000704b00000|  0%| F|  |TAMS 0x0000000704a00000, 0x0000000704a00000| Untracked 
|  37|0x0000000704b00000, 0x0000000704b00000, 0x0000000704c00000|  0%| F|  |TAMS 0x0000000704b00000, 0x0000000704b00000| Untracked 
|  38|0x0000000704c00000, 0x0000000704c00000, 0x0000000704d00000|  0%| F|  |TAMS 0x0000000704c00000, 0x0000000704c00000| Untracked 
|  39|0x0000000704d00000, 0x0000000704d00000, 0x0000000704e00000|  0%| F|  |TAMS 0x0000000704d00000, 0x0000000704d00000| Untracked 
|  40|0x0000000704e00000, 0x0000000704e00000, 0x0000000704f00000|  0%| F|  |TAMS 0x0000000704e00000, 0x0000000704e00000| Untracked 
|  41|0x0000000704f00000, 0x0000000704f00000, 0x0000000705000000|  0%| F|  |TAMS 0x0000000704f00000, 0x0000000704f00000| Untracked 
|  42|0x0000000705000000, 0x0000000705000000, 0x0000000705100000|  0%| F|  |TAMS 0x0000000705000000, 0x0000000705000000| Untracked 
|  43|0x0000000705100000, 0x0000000705100000, 0x0000000705200000|  0%| F|  |TAMS 0x0000000705100000, 0x0000000705100000| Untracked 
|  44|0x0000000705200000, 0x0000000705200000, 0x0000000705300000|  0%| F|  |TAMS 0x0000000705200000, 0x0000000705200000| Untracked 
|  45|0x0000000705300000, 0x0000000705300000, 0x0000000705400000|  0%| F|  |TAMS 0x0000000705300000, 0x0000000705300000| Untracked 
|  46|0x0000000705400000, 0x0000000705400000, 0x0000000705500000|  0%| F|  |TAMS 0x0000000705400000, 0x0000000705400000| Untracked 
|  47|0x0000000705500000, 0x0000000705500000, 0x0000000705600000|  0%| F|  |TAMS 0x0000000705500000, 0x0000000705500000| Untracked 
|  48|0x0000000705600000, 0x0000000705600000, 0x0000000705700000|  0%| F|  |TAMS 0x0000000705600000, 0x0000000705600000| Untracked 
|  49|0x0000000705700000, 0x0000000705700000, 0x0000000705800000|  0%| F|  |TAMS 0x0000000705700000, 0x0000000705700000| Untracked 
|  50|0x0000000705800000, 0x0000000705800000, 0x0000000705900000|  0%| F|  |TAMS 0x0000000705800000, 0x0000000705800000| Untracked 
|  51|0x0000000705900000, 0x0000000705900000, 0x0000000705a00000|  0%| F|  |TAMS 0x0000000705900000, 0x0000000705900000| Untracked 
|  52|0x0000000705a00000, 0x0000000705a00000, 0x0000000705b00000|  0%| F|  |TAMS 0x0000000705a00000, 0x0000000705a00000| Untracked 
|  53|0x0000000705b00000, 0x0000000705b00000, 0x0000000705c00000|  0%| F|  |TAMS 0x0000000705b00000, 0x0000000705b00000| Untracked 
|  54|0x0000000705c00000, 0x0000000705c00000, 0x0000000705d00000|  0%| F|  |TAMS 0x0000000705c00000, 0x0000000705c00000| Untracked 
|  55|0x0000000705d00000, 0x0000000705d00000, 0x0000000705e00000|  0%| F|  |TAMS 0x0000000705d00000, 0x0000000705d00000| Untracked 
|  56|0x0000000705e00000, 0x0000000705e00000, 0x0000000705f00000|  0%| F|  |TAMS 0x0000000705e00000, 0x0000000705e00000| Untracked 
|  57|0x0000000705f00000, 0x0000000705f00000, 0x0000000706000000|  0%| F|  |TAMS 0x0000000705f00000, 0x0000000705f00000| Untracked 
|  58|0x0000000706000000, 0x0000000706000000, 0x0000000706100000|  0%| F|  |TAMS 0x0000000706000000, 0x0000000706000000| Untracked 
|  59|0x0000000706100000, 0x0000000706100000, 0x0000000706200000|  0%| F|  |TAMS 0x0000000706100000, 0x0000000706100000| Untracked 
|  60|0x0000000706200000, 0x0000000706200000, 0x0000000706300000|  0%| F|  |TAMS 0x0000000706200000, 0x0000000706200000| Untracked 
|  61|0x0000000706300000, 0x0000000706300000, 0x0000000706400000|  0%| F|  |TAMS 0x0000000706300000, 0x0000000706300000| Untracked 
|  62|0x0000000706400000, 0x0000000706400000, 0x0000000706500000|  0%| F|  |TAMS 0x0000000706400000, 0x0000000706400000| Untracked 
|  63|0x0000000706500000, 0x0000000706500000, 0x0000000706600000|  0%| F|  |TAMS 0x0000000706500000, 0x0000000706500000| Untracked 
|  64|0x0000000706600000, 0x0000000706600000, 0x0000000706700000|  0%| F|  |TAMS 0x0000000706600000, 0x0000000706600000| Untracked 
|  65|0x0000000706700000, 0x0000000706700000, 0x0000000706800000|  0%| F|  |TAMS 0x0000000706700000, 0x0000000706700000| Untracked 
|  66|0x0000000706800000, 0x0000000706800000, 0x0000000706900000|  0%| F|  |TAMS 0x0000000706800000, 0x0000000706800000| Untracked 
|  67|0x0000000706900000, 0x0000000706900000, 0x0000000706a00000|  0%| F|  |TAMS 0x0000000706900000, 0x0000000706900000| Untracked 
|  68|0x0000000706a00000, 0x0000000706a00000, 0x0000000706b00000|  0%| F|  |TAMS 0x0000000706a00000, 0x0000000706a00000| Untracked 
|  69|0x0000000706b00000, 0x0000000706b00000, 0x0000000706c00000|  0%| F|  |TAMS 0x0000000706b00000, 0x0000000706b00000| Untracked 
|  70|0x0000000706c00000, 0x0000000706c00000, 0x0000000706d00000|  0%| F|  |TAMS 0x0000000706c00000, 0x0000000706c00000| Untracked 
|  71|0x0000000706d00000, 0x0000000706d00000, 0x0000000706e00000|  0%| F|  |TAMS 0x0000000706d00000, 0x0000000706d00000| Untracked 
|  72|0x0000000706e00000, 0x0000000706e00000, 0x0000000706f00000|  0%| F|  |TAMS 0x0000000706e00000, 0x0000000706e00000| Untracked 
|  73|0x0000000706f00000, 0x0000000706f00000, 0x0000000707000000|  0%| F|  |TAMS 0x0000000706f00000, 0x0000000706f00000| Untracked 
|  74|0x0000000707000000, 0x0000000707000000, 0x0000000707100000|  0%| F|  |TAMS 0x0000000707000000, 0x0000000707000000| Untracked 
|  75|0x0000000707100000, 0x0000000707100000, 0x0000000707200000|  0%| F|  |TAMS 0x0000000707100000, 0x0000000707100000| Untracked 
|  76|0x0000000707200000, 0x0000000707200000, 0x0000000707300000|  0%| F|  |TAMS 0x0000000707200000, 0x0000000707200000| Untracked 
|  77|0x0000000707300000, 0x0000000707300000, 0x0000000707400000|  0%| F|  |TAMS 0x0000000707300000, 0x0000000707300000| Untracked 
|  78|0x0000000707400000, 0x0000000707400000, 0x0000000707500000|  0%| F|  |TAMS 0x0000000707400000, 0x0000000707400000| Untracked 
|  79|0x0000000707500000, 0x0000000707500000, 0x0000000707600000|  0%| F|  |TAMS 0x0000000707500000, 0x0000000707500000| Untracked 
|  80|0x0000000707600000, 0x0000000707600000, 0x0000000707700000|  0%| F|  |TAMS 0x0000000707600000, 0x0000000707600000| Untracked 
|  81|0x0000000707700000, 0x0000000707700000, 0x0000000707800000|  0%| F|  |TAMS 0x0000000707700000, 0x0000000707700000| Untracked 
|  82|0x0000000707800000, 0x0000000707800000, 0x0000000707900000|  0%| F|  |TAMS 0x0000000707800000, 0x0000000707800000| Untracked 
|  83|0x0000000707900000, 0x0000000707900000, 0x0000000707a00000|  0%| F|  |TAMS 0x0000000707900000, 0x0000000707900000| Untracked 
|  84|0x0000000707a00000, 0x0000000707a00000, 0x0000000707b00000|  0%| F|  |TAMS 0x0000000707a00000, 0x0000000707a00000| Untracked 
|  85|0x0000000707b00000, 0x0000000707b00000, 0x0000000707c00000|  0%| F|  |TAMS 0x0000000707b00000, 0x0000000707b00000| Untracked 
|  86|0x0000000707c00000, 0x0000000707c00000, 0x0000000707d00000|  0%| F|  |TAMS 0x0000000707c00000, 0x0000000707c00000| Untracked 
|  87|0x0000000707d00000, 0x0000000707d00000, 0x0000000707e00000|  0%| F|  |TAMS 0x0000000707d00000, 0x0000000707d00000| Untracked 
|  88|0x0000000707e00000, 0x0000000707e00000, 0x0000000707f00000|  0%| F|  |TAMS 0x0000000707e00000, 0x0000000707e00000| Untracked 
|  89|0x0000000707f00000, 0x0000000707f00000, 0x0000000708000000|  0%| F|  |TAMS 0x0000000707f00000, 0x0000000707f00000| Untracked 
|  90|0x0000000708000000, 0x0000000708000000, 0x0000000708100000|  0%| F|  |TAMS 0x0000000708000000, 0x0000000708000000| Untracked 
|  91|0x0000000708100000, 0x0000000708100000, 0x0000000708200000|  0%| F|  |TAMS 0x0000000708100000, 0x0000000708100000| Untracked 
|  92|0x0000000708200000, 0x0000000708200000, 0x0000000708300000|  0%| F|  |TAMS 0x0000000708200000, 0x0000000708200000| Untracked 
|  93|0x0000000708300000, 0x0000000708300000, 0x0000000708400000|  0%| F|  |TAMS 0x0000000708300000, 0x0000000708300000| Untracked 
|  94|0x0000000708400000, 0x0000000708400000, 0x0000000708500000|  0%| F|  |TAMS 0x0000000708400000, 0x0000000708400000| Untracked 
|  95|0x0000000708500000, 0x0000000708500000, 0x0000000708600000|  0%| F|  |TAMS 0x0000000708500000, 0x0000000708500000| Untracked 
|  96|0x0000000708600000, 0x0000000708600000, 0x0000000708700000|  0%| F|  |TAMS 0x0000000708600000, 0x0000000708600000| Untracked 
|  97|0x0000000708700000, 0x0000000708700000, 0x0000000708800000|  0%| F|  |TAMS 0x0000000708700000, 0x0000000708700000| Untracked 
|  98|0x0000000708800000, 0x0000000708800000, 0x0000000708900000|  0%| F|  |TAMS 0x0000000708800000, 0x0000000708800000| Untracked 
|  99|0x0000000708900000, 0x0000000708900000, 0x0000000708a00000|  0%| F|  |TAMS 0x0000000708900000, 0x0000000708900000| Untracked 
| 100|0x0000000708a00000, 0x0000000708a00000, 0x0000000708b00000|  0%| F|  |TAMS 0x0000000708a00000, 0x0000000708a00000| Untracked 
| 101|0x0000000708b00000, 0x0000000708b00000, 0x0000000708c00000|  0%| F|  |TAMS 0x0000000708b00000, 0x0000000708b00000| Untracked 
| 102|0x0000000708c00000, 0x0000000708c00000, 0x0000000708d00000|  0%| F|  |TAMS 0x0000000708c00000, 0x0000000708c00000| Untracked 
| 103|0x0000000708d00000, 0x0000000708d00000, 0x0000000708e00000|  0%| F|  |TAMS 0x0000000708d00000, 0x0000000708d00000| Untracked 
| 104|0x0000000708e00000, 0x0000000708e00000, 0x0000000708f00000|  0%| F|  |TAMS 0x0000000708e00000, 0x0000000708e00000| Untracked 
| 105|0x0000000708f00000, 0x0000000708f00000, 0x0000000709000000|  0%| F|  |TAMS 0x0000000708f00000, 0x0000000708f00000| Untracked 
| 106|0x0000000709000000, 0x0000000709000000, 0x0000000709100000|  0%| F|  |TAMS 0x0000000709000000, 0x0000000709000000| Untracked 
| 107|0x0000000709100000, 0x0000000709100000, 0x0000000709200000|  0%| F|  |TAMS 0x0000000709100000, 0x0000000709100000| Untracked 
| 108|0x0000000709200000, 0x0000000709200000, 0x0000000709300000|  0%| F|  |TAMS 0x0000000709200000, 0x0000000709200000| Untracked 
| 109|0x0000000709300000, 0x0000000709300000, 0x0000000709400000|  0%| F|  |TAMS 0x0000000709300000, 0x0000000709300000| Untracked 
| 110|0x0000000709400000, 0x0000000709400000, 0x0000000709500000|  0%| F|  |TAMS 0x0000000709400000, 0x0000000709400000| Untracked 
| 111|0x0000000709500000, 0x0000000709500000, 0x0000000709600000|  0%| F|  |TAMS 0x0000000709500000, 0x0000000709500000| Untracked 
| 112|0x0000000709600000, 0x0000000709600000, 0x0000000709700000|  0%| F|  |TAMS 0x0000000709600000, 0x0000000709600000| Untracked 
| 113|0x0000000709700000, 0x0000000709700000, 0x0000000709800000|  0%| F|  |TAMS 0x0000000709700000, 0x0000000709700000| Untracked 
| 114|0x0000000709800000, 0x0000000709800000, 0x0000000709900000|  0%| F|  |TAMS 0x0000000709800000, 0x0000000709800000| Untracked 
| 115|0x0000000709900000, 0x0000000709900000, 0x0000000709a00000|  0%| F|  |TAMS 0x0000000709900000, 0x0000000709900000| Untracked 
| 116|0x0000000709a00000, 0x0000000709a00000, 0x0000000709b00000|  0%| F|  |TAMS 0x0000000709a00000, 0x0000000709a00000| Untracked 
| 117|0x0000000709b00000, 0x0000000709b00000, 0x0000000709c00000|  0%| F|  |TAMS 0x0000000709b00000, 0x0000000709b00000| Untracked 
| 118|0x0000000709c00000, 0x0000000709c00000, 0x0000000709d00000|  0%| F|  |TAMS 0x0000000709c00000, 0x0000000709c00000| Untracked 
| 119|0x0000000709d00000, 0x0000000709d00000, 0x0000000709e00000|  0%| F|  |TAMS 0x0000000709d00000, 0x0000000709d00000| Untracked 
| 120|0x0000000709e00000, 0x0000000709e00000, 0x0000000709f00000|  0%| F|  |TAMS 0x0000000709e00000, 0x0000000709e00000| Untracked 
| 121|0x0000000709f00000, 0x0000000709f00000, 0x000000070a000000|  0%| F|  |TAMS 0x0000000709f00000, 0x0000000709f00000| Untracked 
| 122|0x000000070a000000, 0x000000070a000000, 0x000000070a100000|  0%| F|  |TAMS 0x000000070a000000, 0x000000070a000000| Untracked 
| 123|0x000000070a100000, 0x000000070a100000, 0x000000070a200000|  0%| F|  |TAMS 0x000000070a100000, 0x000000070a100000| Untracked 
| 124|0x000000070a200000, 0x000000070a200000, 0x000000070a300000|  0%| F|  |TAMS 0x000000070a200000, 0x000000070a200000| Untracked 
| 125|0x000000070a300000, 0x000000070a300000, 0x000000070a400000|  0%| F|  |TAMS 0x000000070a300000, 0x000000070a300000| Untracked 
| 126|0x000000070a400000, 0x000000070a400000, 0x000000070a500000|  0%| F|  |TAMS 0x000000070a400000, 0x000000070a400000| Untracked 
| 127|0x000000070a500000, 0x000000070a500000, 0x000000070a600000|  0%| F|  |TAMS 0x000000070a500000, 0x000000070a500000| Untracked 
| 128|0x000000070a600000, 0x000000070a600000, 0x000000070a700000|  0%| F|  |TAMS 0x000000070a600000, 0x000000070a600000| Untracked 
| 129|0x000000070a700000, 0x000000070a700000, 0x000000070a800000|  0%| F|  |TAMS 0x000000070a700000, 0x000000070a700000| Untracked 
| 130|0x000000070a800000, 0x000000070a800000, 0x000000070a900000|  0%| F|  |TAMS 0x000000070a800000, 0x000000070a800000| Untracked 
| 131|0x000000070a900000, 0x000000070a900000, 0x000000070aa00000|  0%| F|  |TAMS 0x000000070a900000, 0x000000070a900000| Untracked 
| 132|0x000000070aa00000, 0x000000070aa00000, 0x000000070ab00000|  0%| F|  |TAMS 0x000000070aa00000, 0x000000070aa00000| Untracked 
| 133|0x000000070ab00000, 0x000000070ab00000, 0x000000070ac00000|  0%| F|  |TAMS 0x000000070ab00000, 0x000000070ab00000| Untracked 
| 134|0x000000070ac00000, 0x000000070ac00000, 0x000000070ad00000|  0%| F|  |TAMS 0x000000070ac00000, 0x000000070ac00000| Untracked 
| 135|0x000000070ad00000, 0x000000070ad00000, 0x000000070ae00000|  0%| F|  |TAMS 0x000000070ad00000, 0x000000070ad00000| Untracked 
| 136|0x000000070ae00000, 0x000000070ae00000, 0x000000070af00000|  0%| F|  |TAMS 0x000000070ae00000, 0x000000070ae00000| Untracked 
| 137|0x000000070af00000, 0x000000070af00000, 0x000000070b000000|  0%| F|  |TAMS 0x000000070af00000, 0x000000070af00000| Untracked 
| 138|0x000000070b000000, 0x000000070b000000, 0x000000070b100000|  0%| F|  |TAMS 0x000000070b000000, 0x000000070b000000| Untracked 
| 139|0x000000070b100000, 0x000000070b100000, 0x000000070b200000|  0%| F|  |TAMS 0x000000070b100000, 0x000000070b100000| Untracked 
| 140|0x000000070b200000, 0x000000070b200000, 0x000000070b300000|  0%| F|  |TAMS 0x000000070b200000, 0x000000070b200000| Untracked 
| 141|0x000000070b300000, 0x000000070b300000, 0x000000070b400000|  0%| F|  |TAMS 0x000000070b300000, 0x000000070b300000| Untracked 
| 142|0x000000070b400000, 0x000000070b400000, 0x000000070b500000|  0%| F|  |TAMS 0x000000070b400000, 0x000000070b400000| Untracked 
| 143|0x000000070b500000, 0x000000070b500000, 0x000000070b600000|  0%| F|  |TAMS 0x000000070b500000, 0x000000070b500000| Untracked 
| 144|0x000000070b600000, 0x000000070b600000, 0x000000070b700000|  0%| F|  |TAMS 0x000000070b600000, 0x000000070b600000| Untracked 
| 145|0x000000070b700000, 0x000000070b700000, 0x000000070b800000|  0%| F|  |TAMS 0x000000070b700000, 0x000000070b700000| Untracked 
| 146|0x000000070b800000, 0x000000070b800000, 0x000000070b900000|  0%| F|  |TAMS 0x000000070b800000, 0x000000070b800000| Untracked 
| 147|0x000000070b900000, 0x000000070b900000, 0x000000070ba00000|  0%| F|  |TAMS 0x000000070b900000, 0x000000070b900000| Untracked 
| 148|0x000000070ba00000, 0x000000070ba00000, 0x000000070bb00000|  0%| F|  |TAMS 0x000000070ba00000, 0x000000070ba00000| Untracked 
| 149|0x000000070bb00000, 0x000000070bb00000, 0x000000070bc00000|  0%| F|  |TAMS 0x000000070bb00000, 0x000000070bb00000| Untracked 
| 150|0x000000070bc00000, 0x000000070bc00000, 0x000000070bd00000|  0%| F|  |TAMS 0x000000070bc00000, 0x000000070bc00000| Untracked 
| 151|0x000000070bd00000, 0x000000070bd00000, 0x000000070be00000|  0%| F|  |TAMS 0x000000070bd00000, 0x000000070bd00000| Untracked 
| 152|0x000000070be00000, 0x000000070be00000, 0x000000070bf00000|  0%| F|  |TAMS 0x000000070be00000, 0x000000070be00000| Untracked 
| 153|0x000000070bf00000, 0x000000070bf00000, 0x000000070c000000|  0%| F|  |TAMS 0x000000070bf00000, 0x000000070bf00000| Untracked 
| 154|0x000000070c000000, 0x000000070c000000, 0x000000070c100000|  0%| F|  |TAMS 0x000000070c000000, 0x000000070c000000| Untracked 
| 155|0x000000070c100000, 0x000000070c100000, 0x000000070c200000|  0%| F|  |TAMS 0x000000070c100000, 0x000000070c100000| Untracked 
| 156|0x000000070c200000, 0x000000070c200000, 0x000000070c300000|  0%| F|  |TAMS 0x000000070c200000, 0x000000070c200000| Untracked 
| 157|0x000000070c300000, 0x000000070c300000, 0x000000070c400000|  0%| F|  |TAMS 0x000000070c300000, 0x000000070c300000| Untracked 
| 158|0x000000070c400000, 0x000000070c400000, 0x000000070c500000|  0%| F|  |TAMS 0x000000070c400000, 0x000000070c400000| Untracked 
| 159|0x000000070c500000, 0x000000070c500000, 0x000000070c600000|  0%| F|  |TAMS 0x000000070c500000, 0x000000070c500000| Untracked 
| 160|0x000000070c600000, 0x000000070c600000, 0x000000070c700000|  0%| F|  |TAMS 0x000000070c600000, 0x000000070c600000| Untracked 
| 161|0x000000070c700000, 0x000000070c700000, 0x000000070c800000|  0%| F|  |TAMS 0x000000070c700000, 0x000000070c700000| Untracked 
| 162|0x000000070c800000, 0x000000070c800000, 0x000000070c900000|  0%| F|  |TAMS 0x000000070c800000, 0x000000070c800000| Untracked 
| 163|0x000000070c900000, 0x000000070c900000, 0x000000070ca00000|  0%| F|  |TAMS 0x000000070c900000, 0x000000070c900000| Untracked 
| 164|0x000000070ca00000, 0x000000070ca00000, 0x000000070cb00000|  0%| F|  |TAMS 0x000000070ca00000, 0x000000070ca00000| Untracked 
| 165|0x000000070cb00000, 0x000000070cb00000, 0x000000070cc00000|  0%| F|  |TAMS 0x000000070cb00000, 0x000000070cb00000| Untracked 
| 166|0x000000070cc00000, 0x000000070cc00000, 0x000000070cd00000|  0%| F|  |TAMS 0x000000070cc00000, 0x000000070cc00000| Untracked 
| 167|0x000000070cd00000, 0x000000070cd00000, 0x000000070ce00000|  0%| F|  |TAMS 0x000000070cd00000, 0x000000070cd00000| Untracked 
| 168|0x000000070ce00000, 0x000000070ce00000, 0x000000070cf00000|  0%| F|  |TAMS 0x000000070ce00000, 0x000000070ce00000| Untracked 
| 169|0x000000070cf00000, 0x000000070cf00000, 0x000000070d000000|  0%| F|  |TAMS 0x000000070cf00000, 0x000000070cf00000| Untracked 
| 170|0x000000070d000000, 0x000000070d000000, 0x000000070d100000|  0%| F|  |TAMS 0x000000070d000000, 0x000000070d000000| Untracked 
| 171|0x000000070d100000, 0x000000070d100000, 0x000000070d200000|  0%| F|  |TAMS 0x000000070d100000, 0x000000070d100000| Untracked 
| 172|0x000000070d200000, 0x000000070d200000, 0x000000070d300000|  0%| F|  |TAMS 0x000000070d200000, 0x000000070d200000| Untracked 
| 173|0x000000070d300000, 0x000000070d300000, 0x000000070d400000|  0%| F|  |TAMS 0x000000070d300000, 0x000000070d300000| Untracked 
| 174|0x000000070d400000, 0x000000070d400000, 0x000000070d500000|  0%| F|  |TAMS 0x000000070d400000, 0x000000070d400000| Untracked 
| 175|0x000000070d500000, 0x000000070d500000, 0x000000070d600000|  0%| F|  |TAMS 0x000000070d500000, 0x000000070d500000| Untracked 
| 176|0x000000070d600000, 0x000000070d600000, 0x000000070d700000|  0%| F|  |TAMS 0x000000070d600000, 0x000000070d600000| Untracked 
| 177|0x000000070d700000, 0x000000070d700000, 0x000000070d800000|  0%| F|  |TAMS 0x000000070d700000, 0x000000070d700000| Untracked 
| 178|0x000000070d800000, 0x000000070d800000, 0x000000070d900000|  0%| F|  |TAMS 0x000000070d800000, 0x000000070d800000| Untracked 
| 179|0x000000070d900000, 0x000000070d900000, 0x000000070da00000|  0%| F|  |TAMS 0x000000070d900000, 0x000000070d900000| Untracked 
| 180|0x000000070da00000, 0x000000070da00000, 0x000000070db00000|  0%| F|  |TAMS 0x000000070da00000, 0x000000070da00000| Untracked 
| 181|0x000000070db00000, 0x000000070db00000, 0x000000070dc00000|  0%| F|  |TAMS 0x000000070db00000, 0x000000070db00000| Untracked 
| 182|0x000000070dc00000, 0x000000070dc00000, 0x000000070dd00000|  0%| F|  |TAMS 0x000000070dc00000, 0x000000070dc00000| Untracked 
| 183|0x000000070dd00000, 0x000000070dd00000, 0x000000070de00000|  0%| F|  |TAMS 0x000000070dd00000, 0x000000070dd00000| Untracked 
| 184|0x000000070de00000, 0x000000070de00000, 0x000000070df00000|  0%| F|  |TAMS 0x000000070de00000, 0x000000070de00000| Untracked 
| 185|0x000000070df00000, 0x000000070df00000, 0x000000070e000000|  0%| F|  |TAMS 0x000000070df00000, 0x000000070df00000| Untracked 
| 186|0x000000070e000000, 0x000000070e000000, 0x000000070e100000|  0%| F|  |TAMS 0x000000070e000000, 0x000000070e000000| Untracked 
| 187|0x000000070e100000, 0x000000070e100000, 0x000000070e200000|  0%| F|  |TAMS 0x000000070e100000, 0x000000070e100000| Untracked 
| 188|0x000000070e200000, 0x000000070e200000, 0x000000070e300000|  0%| F|  |TAMS 0x000000070e200000, 0x000000070e200000| Untracked 
| 189|0x000000070e300000, 0x000000070e300000, 0x000000070e400000|  0%| F|  |TAMS 0x000000070e300000, 0x000000070e300000| Untracked 
| 190|0x000000070e400000, 0x000000070e400000, 0x000000070e500000|  0%| F|  |TAMS 0x000000070e400000, 0x000000070e400000| Untracked 
| 191|0x000000070e500000, 0x000000070e500000, 0x000000070e600000|  0%| F|  |TAMS 0x000000070e500000, 0x000000070e500000| Untracked 
| 192|0x000000070e600000, 0x000000070e600000, 0x000000070e700000|  0%| F|  |TAMS 0x000000070e600000, 0x000000070e600000| Untracked 
| 193|0x000000070e700000, 0x000000070e700000, 0x000000070e800000|  0%| F|  |TAMS 0x000000070e700000, 0x000000070e700000| Untracked 
| 194|0x000000070e800000, 0x000000070e800000, 0x000000070e900000|  0%| F|  |TAMS 0x000000070e800000, 0x000000070e800000| Untracked 
| 195|0x000000070e900000, 0x000000070e900000, 0x000000070ea00000|  0%| F|  |TAMS 0x000000070e900000, 0x000000070e900000| Untracked 
| 196|0x000000070ea00000, 0x000000070ea00000, 0x000000070eb00000|  0%| F|  |TAMS 0x000000070ea00000, 0x000000070ea00000| Untracked 
| 197|0x000000070eb00000, 0x000000070eb00000, 0x000000070ec00000|  0%| F|  |TAMS 0x000000070eb00000, 0x000000070eb00000| Untracked 
| 198|0x000000070ec00000, 0x000000070ec00000, 0x000000070ed00000|  0%| F|  |TAMS 0x000000070ec00000, 0x000000070ec00000| Untracked 
| 199|0x000000070ed00000, 0x000000070ed00000, 0x000000070ee00000|  0%| F|  |TAMS 0x000000070ed00000, 0x000000070ed00000| Untracked 
| 200|0x000000070ee00000, 0x000000070ee00000, 0x000000070ef00000|  0%| F|  |TAMS 0x000000070ee00000, 0x000000070ee00000| Untracked 
| 201|0x000000070ef00000, 0x000000070ef00000, 0x000000070f000000|  0%| F|  |TAMS 0x000000070ef00000, 0x000000070ef00000| Untracked 
| 202|0x000000070f000000, 0x000000070f000000, 0x000000070f100000|  0%| F|  |TAMS 0x000000070f000000, 0x000000070f000000| Untracked 
| 203|0x000000070f100000, 0x000000070f100000, 0x000000070f200000|  0%| F|  |TAMS 0x000000070f100000, 0x000000070f100000| Untracked 
| 204|0x000000070f200000, 0x000000070f200000, 0x000000070f300000|  0%| F|  |TAMS 0x000000070f200000, 0x000000070f200000| Untracked 
| 205|0x000000070f300000, 0x000000070f300000, 0x000000070f400000|  0%| F|  |TAMS 0x000000070f300000, 0x000000070f300000| Untracked 
| 206|0x000000070f400000, 0x000000070f400000, 0x000000070f500000|  0%| F|  |TAMS 0x000000070f400000, 0x000000070f400000| Untracked 
| 207|0x000000070f500000, 0x000000070f500000, 0x000000070f600000|  0%| F|  |TAMS 0x000000070f500000, 0x000000070f500000| Untracked 
| 208|0x000000070f600000, 0x000000070f600000, 0x000000070f700000|  0%| F|  |TAMS 0x000000070f600000, 0x000000070f600000| Untracked 
| 209|0x000000070f700000, 0x000000070f700000, 0x000000070f800000|  0%| F|  |TAMS 0x000000070f700000, 0x000000070f700000| Untracked 
| 210|0x000000070f800000, 0x000000070f800000, 0x000000070f900000|  0%| F|  |TAMS 0x000000070f800000, 0x000000070f800000| Untracked 
| 211|0x000000070f900000, 0x000000070f900000, 0x000000070fa00000|  0%| F|  |TAMS 0x000000070f900000, 0x000000070f900000| Untracked 
| 212|0x000000070fa00000, 0x000000070fa00000, 0x000000070fb00000|  0%| F|  |TAMS 0x000000070fa00000, 0x000000070fa00000| Untracked 
| 213|0x000000070fb00000, 0x000000070fb00000, 0x000000070fc00000|  0%| F|  |TAMS 0x000000070fb00000, 0x000000070fb00000| Untracked 
| 214|0x000000070fc00000, 0x000000070fc00000, 0x000000070fd00000|  0%| F|  |TAMS 0x000000070fc00000, 0x000000070fc00000| Untracked 
| 215|0x000000070fd00000, 0x000000070fd00000, 0x000000070fe00000|  0%| F|  |TAMS 0x000000070fd00000, 0x000000070fd00000| Untracked 
| 216|0x000000070fe00000, 0x000000070fe00000, 0x000000070ff00000|  0%| F|  |TAMS 0x000000070fe00000, 0x000000070fe00000| Untracked 
| 217|0x000000070ff00000, 0x000000070ff00000, 0x0000000710000000|  0%| F|  |TAMS 0x000000070ff00000, 0x000000070ff00000| Untracked 
| 218|0x0000000710000000, 0x0000000710000000, 0x0000000710100000|  0%| F|  |TAMS 0x0000000710000000, 0x0000000710000000| Untracked 
| 219|0x0000000710100000, 0x0000000710100000, 0x0000000710200000|  0%| F|  |TAMS 0x0000000710100000, 0x0000000710100000| Untracked 
| 220|0x0000000710200000, 0x0000000710200000, 0x0000000710300000|  0%| F|  |TAMS 0x0000000710200000, 0x0000000710200000| Untracked 
| 221|0x0000000710300000, 0x0000000710300000, 0x0000000710400000|  0%| F|  |TAMS 0x0000000710300000, 0x0000000710300000| Untracked 
| 222|0x0000000710400000, 0x0000000710400000, 0x0000000710500000|  0%| F|  |TAMS 0x0000000710400000, 0x0000000710400000| Untracked 
| 223|0x0000000710500000, 0x0000000710500000, 0x0000000710600000|  0%| F|  |TAMS 0x0000000710500000, 0x0000000710500000| Untracked 
| 224|0x0000000710600000, 0x0000000710600000, 0x0000000710700000|  0%| F|  |TAMS 0x0000000710600000, 0x0000000710600000| Untracked 
| 225|0x0000000710700000, 0x0000000710700000, 0x0000000710800000|  0%| F|  |TAMS 0x0000000710700000, 0x0000000710700000| Untracked 
| 226|0x0000000710800000, 0x0000000710800000, 0x0000000710900000|  0%| F|  |TAMS 0x0000000710800000, 0x0000000710800000| Untracked 
| 227|0x0000000710900000, 0x0000000710900000, 0x0000000710a00000|  0%| F|  |TAMS 0x0000000710900000, 0x0000000710900000| Untracked 
| 228|0x0000000710a00000, 0x0000000710a00000, 0x0000000710b00000|  0%| F|  |TAMS 0x0000000710a00000, 0x0000000710a00000| Untracked 
| 229|0x0000000710b00000, 0x0000000710b00000, 0x0000000710c00000|  0%| F|  |TAMS 0x0000000710b00000, 0x0000000710b00000| Untracked 
| 230|0x0000000710c00000, 0x0000000710c00000, 0x0000000710d00000|  0%| F|  |TAMS 0x0000000710c00000, 0x0000000710c00000| Untracked 
| 231|0x0000000710d00000, 0x0000000710d00000, 0x0000000710e00000|  0%| F|  |TAMS 0x0000000710d00000, 0x0000000710d00000| Untracked 
| 232|0x0000000710e00000, 0x0000000710e00000, 0x0000000710f00000|  0%| F|  |TAMS 0x0000000710e00000, 0x0000000710e00000| Untracked 
| 233|0x0000000710f00000, 0x0000000710f00000, 0x0000000711000000|  0%| F|  |TAMS 0x0000000710f00000, 0x0000000710f00000| Untracked 
| 234|0x0000000711000000, 0x0000000711000000, 0x0000000711100000|  0%| F|  |TAMS 0x0000000711000000, 0x0000000711000000| Untracked 
| 235|0x0000000711100000, 0x0000000711100000, 0x0000000711200000|  0%| F|  |TAMS 0x0000000711100000, 0x0000000711100000| Untracked 
| 236|0x0000000711200000, 0x0000000711200000, 0x0000000711300000|  0%| F|  |TAMS 0x0000000711200000, 0x0000000711200000| Untracked 
| 237|0x0000000711300000, 0x0000000711300000, 0x0000000711400000|  0%| F|  |TAMS 0x0000000711300000, 0x0000000711300000| Untracked 
| 238|0x0000000711400000, 0x0000000711400000, 0x0000000711500000|  0%| F|  |TAMS 0x0000000711400000, 0x0000000711400000| Untracked 
| 239|0x0000000711500000, 0x0000000711500000, 0x0000000711600000|  0%| F|  |TAMS 0x0000000711500000, 0x0000000711500000| Untracked 
| 240|0x0000000711600000, 0x000000071167cca8, 0x0000000711700000| 48%| E|  |TAMS 0x0000000711600000, 0x0000000711600000| Complete 
| 241|0x0000000711700000, 0x0000000711800000, 0x0000000711800000|100%| E|CS|TAMS 0x0000000711700000, 0x0000000711700000| Complete 
| 242|0x0000000711800000, 0x0000000711900000, 0x0000000711900000|100%| E|CS|TAMS 0x0000000711800000, 0x0000000711800000| Complete 
| 243|0x0000000711900000, 0x0000000711a00000, 0x0000000711a00000|100%| E|CS|TAMS 0x0000000711900000, 0x0000000711900000| Complete 
| 244|0x0000000711a00000, 0x0000000711b00000, 0x0000000711b00000|100%| E|CS|TAMS 0x0000000711a00000, 0x0000000711a00000| Complete 
| 245|0x0000000711b00000, 0x0000000711c00000, 0x0000000711c00000|100%| E|CS|TAMS 0x0000000711b00000, 0x0000000711b00000| Complete 
| 246|0x0000000711c00000, 0x0000000711cffd28, 0x0000000711d00000| 99%| E|  |TAMS 0x0000000711c00000, 0x0000000711c00000| Complete 
| 247|0x0000000711d00000, 0x0000000711e00000, 0x0000000711e00000|100%| E|CS|TAMS 0x0000000711d00000, 0x0000000711d00000| Complete 
| 248|0x0000000711e00000, 0x0000000711f00000, 0x0000000711f00000|100%| E|CS|TAMS 0x0000000711e00000, 0x0000000711e00000| Complete 
| 249|0x0000000711f00000, 0x0000000712000000, 0x0000000712000000|100%| E|CS|TAMS 0x0000000711f00000, 0x0000000711f00000| Complete 
| 250|0x0000000712000000, 0x0000000712100000, 0x0000000712100000|100%| E|CS|TAMS 0x0000000712000000, 0x0000000712000000| Complete 
| 251|0x0000000712100000, 0x0000000712200000, 0x0000000712200000|100%| E|CS|TAMS 0x0000000712100000, 0x0000000712100000| Complete 
| 252|0x0000000712200000, 0x0000000712300000, 0x0000000712300000|100%| E|CS|TAMS 0x0000000712200000, 0x0000000712200000| Complete 
| 253|0x0000000712300000, 0x0000000712400000, 0x0000000712400000|100%| E|CS|TAMS 0x0000000712300000, 0x0000000712300000| Complete 

Card table byte_map: [0x00000226d8e90000,0x00000226d9680000] _byte_map_base: 0x00000226d567d000

Marking Bits (Prev, Next): (CMBitMap*) 0x00000226c530cf08, (CMBitMap*) 0x00000226c530cf40
 Prev Bits: [0x00000226d9e70000, 0x00000226dddd8000)
 Next Bits: [0x00000226ddde0000, 0x00000226e1d48000)

Polling page: 0x00000226c49b0000

Metaspace:

Usage:
  Non-class:      7.68 MB capacity,     5.13 MB ( 67%) used,     2.54 MB ( 33%) free+waste,    11.38 KB ( <1%) overhead. 
      Class:    594.00 KB capacity,   303.26 KB ( 51%) used,   285.55 KB ( 48%) free+waste,     5.19 KB ( <1%) overhead. 
       Both:      8.26 MB capacity,     5.43 MB ( 66%) used,     2.82 MB ( 34%) free+waste,    16.56 KB ( <1%) overhead. 

Virtual space:
  Non-class space:        8.00 MB reserved,       7.75 MB ( 97%) committed 
      Class space:        1.00 GB reserved,     640.00 KB ( <1%) committed 
             Both:        1.01 GB reserved,       8.38 MB ( <1%) committed 

Chunk freelists:
   Non-Class:  68.00 KB
       Class:  14.00 KB
        Both:  82.00 KB

CodeHeap 'non-profiled nmethods': size=120000Kb used=224Kb max_used=224Kb free=119775Kb
 bounds [0x00000226d0c20000, 0x00000226d0e90000, 0x00000226d8150000]
CodeHeap 'profiled nmethods': size=120000Kb used=1234Kb max_used=1234Kb free=118765Kb
 bounds [0x00000226c96f0000, 0x00000226c9960000, 0x00000226d0c20000]
CodeHeap 'non-nmethods': size=5760Kb used=1440Kb max_used=1454Kb free=4319Kb
 bounds [0x00000226c9150000, 0x00000226c93c0000, 0x00000226c96f0000]
 total_blobs=1821 nmethods=752 adapters=840
 compilation: enabled
              stopped_count=0, restarted_count=0
 full_count=0

Compilation events (10 events):
Event: 0.464 Thread 0x00000226e4af1800  748       3       java.util.WeakHashMap::put (162 bytes)
Event: 0.465 Thread 0x00000226e4af1800 nmethod 748 0x00000226c9821890 code [0x00000226c9821b20, 0x00000226c9822c00]
Event: 0.465 Thread 0x00000226e4af1800  749       3       java.io.File::exists (43 bytes)
Event: 0.466 Thread 0x00000226e4af1800 nmethod 749 0x00000226c9823110 code [0x00000226c9823300, 0x00000226c9823750]
Event: 0.468 Thread 0x00000226e4af1800  750       3       jdk.internal.org.objectweb.asm.ClassWriter::newNameType (10 bytes)
Event: 0.468 Thread 0x00000226e4af1800 nmethod 750 0x00000226c9823890 code [0x00000226c9823a60, 0x00000226c9823c30]
Event: 0.468 Thread 0x00000226e4af1800  751       3       jdk.internal.org.objectweb.asm.ClassWriter::newNameTypeItem (71 bytes)
Event: 0.468 Thread 0x00000226e4af1800 nmethod 751 0x00000226c9823d10 code [0x00000226c9823f40, 0x00000226c9824440]
Event: 0.469 Thread 0x00000226e4af1800  752       3       java.lang.invoke.MethodType::toMethodDescriptorString (28 bytes)
Event: 0.469 Thread 0x00000226e4af1800 nmethod 752 0x00000226c9824690 code [0x00000226c9824860, 0x00000226c9824ad0]

GC Heap History (0 events):
No events

Deoptimization events (6 events):
Event: 0.068 Thread 0x00000226c52aa000 Uncommon trap: reason=unstable_if action=reinterpret pc=0x00000226d0c25608 method=java.lang.String.isLatin1()Z @ 10 c2
Event: 0.076 Thread 0x00000226c52aa000 Uncommon trap: reason=class_check action=maybe_recompile pc=0x00000226d0c2e430 method=java.util.HashMap.putVal(ILjava/lang/Object;Ljava/lang/Object;ZZ)Ljava/lang/Object; @ 152 c2
Event: 0.076 Thread 0x00000226c52aa000 Uncommon trap: reason=class_check action=maybe_recompile pc=0x00000226d0c2e430 method=java.util.HashMap.putVal(ILjava/lang/Object;Ljava/lang/Object;ZZ)Ljava/lang/Object; @ 152 c2
Event: 0.076 Thread 0x00000226c52aa000 Uncommon trap: reason=class_check action=maybe_recompile pc=0x00000226d0c2e430 method=java.util.HashMap.putVal(ILjava/lang/Object;Ljava/lang/Object;ZZ)Ljava/lang/Object; @ 152 c2
Event: 0.078 Thread 0x00000226c52aa000 Uncommon trap: reason=class_check action=maybe_recompile pc=0x00000226d0c2e430 method=java.util.HashMap.putVal(ILjava/lang/Object;Ljava/lang/Object;ZZ)Ljava/lang/Object; @ 152 c2
Event: 0.087 Thread 0x00000226c52aa000 Uncommon trap: reason=unstable_if action=reinterpret pc=0x00000226d0c26324 method=java.lang.String.isLatin1()Z @ 10 c2

Classes redefined (0 events):
No events

Internal exceptions (10 events):
Event: 0.128 Thread 0x00000226c52aa000 Exception <a 'java/lang/NoSuchMethodError'{0x0000000711f69288}: java.lang.invoke.DirectMethodHandle$Holder.invokeStaticInit(Ljava/lang/Object;Ljava/lang/Object;Ljava/lang/Object;)Ljava/lang/Object;> (0x0000000711f69288) thrown at [c:/BuildAgent/work/5ff2f
Event: 0.143 Thread 0x00000226c52aa000 Exception <a 'sun/nio/fs/WindowsException'{0x0000000711fa47c0}> (0x0000000711fa47c0) thrown at [c:/BuildAgent/work/5ff2f6c26000d570/src/hotspot/share/prims/jni.cpp, line 615]
Event: 0.144 Thread 0x00000226c52aa000 Exception <a 'sun/nio/fs/WindowsException'{0x0000000711fa4d18}> (0x0000000711fa4d18) thrown at [c:/BuildAgent/work/5ff2f6c26000d570/src/hotspot/share/prims/jni.cpp, line 615]
Event: 0.161 Thread 0x00000226c52aa000 Exception <a 'sun/nio/fs/WindowsException'{0x0000000711e6ca70}> (0x0000000711e6ca70) thrown at [c:/BuildAgent/work/5ff2f6c26000d570/src/hotspot/share/prims/jni.cpp, line 615]
Event: 0.161 Thread 0x00000226c52aa000 Exception <a 'sun/nio/fs/WindowsException'{0x0000000711e6cde0}> (0x0000000711e6cde0) thrown at [c:/BuildAgent/work/5ff2f6c26000d570/src/hotspot/share/prims/jni.cpp, line 615]
Event: 0.326 Thread 0x00000226c52aa000 Exception <a 'sun/nio/fs/WindowsException'{0x0000000711d0b8c0}> (0x0000000711d0b8c0) thrown at [c:/BuildAgent/work/5ff2f6c26000d570/src/hotspot/share/prims/jni.cpp, line 615]
Event: 0.326 Thread 0x00000226c52aa000 Exception <a 'sun/nio/fs/WindowsException'{0x0000000711d0bc70}> (0x0000000711d0bc70) thrown at [c:/BuildAgent/work/5ff2f6c26000d570/src/hotspot/share/prims/jni.cpp, line 615]
Event: 0.329 Thread 0x00000226c52aa000 Exception <a 'sun/nio/fs/WindowsException'{0x0000000711d19c90}> (0x0000000711d19c90) thrown at [c:/BuildAgent/work/5ff2f6c26000d570/src/hotspot/share/prims/jni.cpp, line 615]
Event: 0.329 Thread 0x00000226c52aa000 Exception <a 'sun/nio/fs/WindowsException'{0x0000000711d19f78}> (0x0000000711d19f78) thrown at [c:/BuildAgent/work/5ff2f6c26000d570/src/hotspot/share/prims/jni.cpp, line 615]
Event: 0.460 Thread 0x00000226c52aa000 Exception <a 'java/lang/NoSuchMethodError'{0x000000071177acb0}: java.lang.invoke.DirectMethodHandle$Holder.invokeStatic(Ljava/lang/Object;JII)V> (0x000000071177acb0) thrown at [c:/BuildAgent/work/5ff2f6c26000d570/src/hotspot/share/interpreter/linkResolver

Events (10 events):
Event: 0.467 loading class org/lwjgl/system/APIUtil$Encoder
Event: 0.467 loading class org/lwjgl/system/APIUtil$Encoder done
Event: 0.467 loading class org/lwjgl/system/APIUtil$Encoder
Event: 0.467 loading class org/lwjgl/system/APIUtil$Encoder done
Event: 0.469 loading class JHobbyEngine/StringCallback
Event: 0.469 loading class JHobbyEngine/StringCallback done
Event: 0.469 loading class JHobbyEngine/GLProgram
Event: 0.469 loading class JHobbyEngine/GLProgram done
Event: 0.469 loading class JHobbyEngine/StringCallback
Event: 0.469 loading class JHobbyEngine/StringCallback done


Dynamic libraries:
0x00007ff71d080000 - 0x00007ff71d0c7000 	C:\Program Files\JetBrains\IntelliJ IDEA Community Edition 2019.2.1\jbr\bin\java.exe
0x00007ffbe53e0000 - 0x00007ffbe55c1000 	C:\Windows\SYSTEM32\ntdll.dll
0x00007ffbd9bd0000 - 0x00007ffbd9be2000 	C:\Program Files\AVG\Antivirus\aswhook.dll
0x00007ffbe3110000 - 0x00007ffbe31c1000 	C:\Windows\System32\KERNEL32.DLL
0x00007ffbe24c0000 - 0x00007ffbe2733000 	C:\Windows\System32\KERNELBASE.dll
0x00007ffbe3460000 - 0x00007ffbe35f0000 	C:\Windows\System32\USER32.dll
0x00007ffbe2840000 - 0x00007ffbe2860000 	C:\Windows\System32\win32u.dll
0x00007ffbe3880000 - 0x00007ffbe38a8000 	C:\Windows\System32\GDI32.dll
0x00007ffbe2270000 - 0x00007ffbe2401000 	C:\Windows\System32\gdi32full.dll
0x00007ffbe2740000 - 0x00007ffbe27df000 	C:\Windows\System32\msvcp_win.dll
0x00007ffbe2170000 - 0x00007ffbe2268000 	C:\Windows\System32\ucrtbase.dll
0x00007ffbbfab0000 - 0x00007ffbbfd19000 	C:\Windows\WinSxS\amd64_microsoft.windows.common-controls_6595b64144ccf1df_6.0.17134.1006_none_d3fbb8f77c940c3f\COMCTL32.dll
0x00007ffbe35f0000 - 0x00007ffbe368e000 	C:\Windows\System32\msvcrt.dll
0x00007ffbe2a80000 - 0x00007ffbe2da1000 	C:\Windows\System32\combase.dll
0x00007ffbe5280000 - 0x00007ffbe53a4000 	C:\Windows\System32\RPCRT4.dll
0x00007ffbe1f00000 - 0x00007ffbe1f79000 	C:\Windows\System32\bcryptPrimitives.dll
0x00007ffbe3250000 - 0x00007ffbe327d000 	C:\Windows\System32\IMM32.DLL
0x00007ffbcf8f0000 - 0x00007ffbcf907000 	C:\Program Files\JetBrains\IntelliJ IDEA Community Edition 2019.2.1\jbr\bin\vcruntime140.dll
0x00007ffbae8e0000 - 0x00007ffbae97d000 	C:\Program Files\JetBrains\IntelliJ IDEA Community Edition 2019.2.1\jbr\bin\msvcp140.dll
0x00007ffb77790000 - 0x00007ffb78247000 	C:\Program Files\JetBrains\IntelliJ IDEA Community Edition 2019.2.1\jbr\bin\server\jvm.dll
0x00007ffbe3690000 - 0x00007ffbe3731000 	C:\Windows\System32\ADVAPI32.dll
0x00007ffbe5150000 - 0x00007ffbe51ab000 	C:\Windows\System32\sechost.dll
0x00007ffbe31d0000 - 0x00007ffbe31d8000 	C:\Windows\System32\PSAPI.DLL
0x00007ffbd4260000 - 0x00007ffbd4269000 	C:\Windows\SYSTEM32\WSOCK32.dll
0x00007ffbe31e0000 - 0x00007ffbe324c000 	C:\Windows\System32\WS2_32.dll
0x00007ffbd93b0000 - 0x00007ffbd93d3000 	C:\Windows\SYSTEM32\WINMM.dll
0x00007ffbdce30000 - 0x00007ffbdce3a000 	C:\Windows\SYSTEM32\VERSION.dll
0x00007ffbd9380000 - 0x00007ffbd93aa000 	C:\Windows\SYSTEM32\WINMMBASE.dll
0x00007ffbe1eb0000 - 0x00007ffbe1ef9000 	C:\Windows\System32\cfgmgr32.dll
0x00007ffbe1750000 - 0x00007ffbe1761000 	C:\Windows\System32\kernel.appcore.dll
0x00007ffbd7da0000 - 0x00007ffbd7db1000 	C:\Program Files\JetBrains\IntelliJ IDEA Community Edition 2019.2.1\jbr\bin\verify.dll
0x00007ffbdb100000 - 0x00007ffbdb2c9000 	C:\Windows\SYSTEM32\DBGHELP.DLL
0x00007ffbdb500000 - 0x00007ffbdb529000 	C:\Windows\SYSTEM32\dbgcore.DLL
0x00007ffbd71c0000 - 0x00007ffbd71e9000 	C:\Program Files\JetBrains\IntelliJ IDEA Community Edition 2019.2.1\jbr\bin\java.dll
0x00007ffbcd8a0000 - 0x00007ffbcd8d4000 	C:\Program Files\JetBrains\IntelliJ IDEA Community Edition 2019.2.1\jbr\bin\instrument.dll
0x00007ffbd6fd0000 - 0x00007ffbd6fe7000 	C:\Program Files\JetBrains\IntelliJ IDEA Community Edition 2019.2.1\jbr\bin\zip.dll
0x00007ffbdd950000 - 0x00007ffbdd95b000 	C:\Program Files\JetBrains\IntelliJ IDEA Community Edition 2019.2.1\jbr\bin\jimage.dll
0x00007ffbe38b0000 - 0x00007ffbe4cf2000 	C:\Windows\System32\SHELL32.dll
0x00007ffbe3740000 - 0x00007ffbe37e9000 	C:\Windows\System32\shcore.dll
0x00007ffbe17a0000 - 0x00007ffbe1eae000 	C:\Windows\System32\windows.storage.dll
0x00007ffbe2860000 - 0x00007ffbe28b1000 	C:\Windows\System32\shlwapi.dll
0x00007ffbe1770000 - 0x00007ffbe178f000 	C:\Windows\System32\profapi.dll
0x00007ffbe1700000 - 0x00007ffbe174c000 	C:\Windows\System32\powrprof.dll
0x00007ffbe1790000 - 0x00007ffbe179a000 	C:\Windows\System32\FLTLIB.DLL
0x00007ffbd6fb0000 - 0x00007ffbd6fca000 	C:\Program Files\JetBrains\IntelliJ IDEA Community Edition 2019.2.1\jbr\bin\net.dll
0x00007ffbdd0a0000 - 0x00007ffbdd17d000 	C:\Windows\SYSTEM32\WINHTTP.dll
0x00007ffbd0330000 - 0x00007ffbd04fa000 	C:\Windows\SYSTEM32\urlmon.dll
0x00007ffbce4b0000 - 0x00007ffbce757000 	C:\Windows\SYSTEM32\iertutil.dll
0x00007ffbe1130000 - 0x00007ffbe113b000 	C:\Windows\SYSTEM32\CRYPTBASE.DLL
0x00007ffbe0f60000 - 0x00007ffbe0fc6000 	C:\Windows\system32\mswsock.dll
0x00007ffbd4c20000 - 0x00007ffbd4c34000 	C:\Program Files\JetBrains\IntelliJ IDEA Community Edition 2019.2.1\jbr\bin\nio.dll
0x00007ffbc5ce0000 - 0x00007ffbc5cfa000 	C:\Program Files\JetBrains\IntelliJ IDEA Community Edition 2019.2.1\bin\breakgen64.dll
0x00007ffbae870000 - 0x00007ffbae8d4000 	C:\Users\mitch\AppData\Local\Temp\lwjglmitch\3.2.3-build-13\lwjgl.dll
0x00007ffbada20000 - 0x00007ffbada82000 	C:\Users\mitch\AppData\Local\Temp\lwjglmitch\3.2.3-build-13\glfw.dll
0x00007ffbdfa90000 - 0x00007ffbdfb28000 	C:\Windows\system32\uxtheme.dll
0x00007ffbb45f0000 - 0x00007ffbb4633000 	C:\Windows\SYSTEM32\dinput8.dll
0x00007ffbdc220000 - 0x00007ffbdc230000 	C:\Windows\SYSTEM32\xinput1_4.dll
0x00007ffbe14f0000 - 0x00007ffbe1517000 	C:\Windows\SYSTEM32\DEVOBJ.dll
0x00007ffbdfd70000 - 0x00007ffbdfd99000 	C:\Windows\SYSTEM32\dwmapi.dll
0x00007ffbcfd90000 - 0x00007ffbcfe09000 	C:\Windows\SYSTEM32\inputhost.dll
0x00007ffbdf420000 - 0x00007ffbdf4fa000 	C:\Windows\SYSTEM32\CoreMessaging.dll
0x00007ffbddc10000 - 0x00007ffbddd5d000 	C:\Windows\SYSTEM32\wintypes.dll
0x00007ffbd8ca0000 - 0x00007ffbd8fbe000 	C:\Windows\SYSTEM32\CoreUIComponents.dll
0x00007ffbe07a0000 - 0x00007ffbe07d1000 	C:\Windows\SYSTEM32\ntmarta.dll
0x00007ffbe3280000 - 0x00007ffbe33f3000 	C:\Windows\System32\MSCTF.dll
0x00007ffbe51b0000 - 0x00007ffbe5272000 	C:\Windows\System32\OLEAUT32.dll
0x00007ffbe0300000 - 0x00007ffbe030c000 	C:\Windows\SYSTEM32\HID.DLL
0x00007ffbe4d00000 - 0x00007ffbe514b000 	C:\Windows\System32\SETUPAPI.DLL
0x00007ffbe27e0000 - 0x00007ffbe2837000 	C:\Windows\System32\WINTRUST.dll
0x00007ffbe16e0000 - 0x00007ffbe16f2000 	C:\Windows\System32\MSASN1.dll
0x00007ffbe1f80000 - 0x00007ffbe2162000 	C:\Windows\System32\CRYPT32.dll
0x00007ffbcecf0000 - 0x00007ffbcee10000 	C:\Windows\SYSTEM32\opengl32.dll
0x00007ffbdba50000 - 0x00007ffbdba7c000 	C:\Windows\SYSTEM32\GLU32.dll
0x00007ffb6b140000 - 0x00007ffb6bfd3000 	C:\Windows\System32\DriverStore\FileRepository\iigd_dch_base.inf_amd64_b95c9a044993331b\ig9icd64.dll
0x00007ffbe0470000 - 0x00007ffbe052b000 	C:\Windows\system32\dxgi.dll
0x00007ffbabbc0000 - 0x00007ffbabca2000 	C:\Windows\System32\DriverStore\FileRepository\iigd_dch_base.inf_amd64_b95c9a044993331b\igdgmm64.dll
0x00007ffbb8260000 - 0x00007ffbba1c5000 	C:\Windows\System32\DriverStore\FileRepository\iigd_dch_base.inf_amd64_b95c9a044993331b\igc64.dll
0x00007ffbcfcf0000 - 0x00007ffbcfd86000 	C:\Windows\System32\TextInputFramework.dll
0x00007ffbb1910000 - 0x00007ffbb1969000 	C:\Users\mitch\AppData\Local\Temp\lwjglmitch\3.2.3-build-13\lwjgl_opengl.dll

dbghelp: loaded successfully - version: 4.0.5 - missing functions: none
symbol engine: initialized successfully - sym options: 0x614 - pdb path: .;C:\Program Files\JetBrains\IntelliJ IDEA Community Edition 2019.2.1\jbr\bin;C:\Windows\SYSTEM32;C:\Program Files\AVG\Antivirus;C:\Windows\WinSxS\amd64_microsoft.windows.common-controls_6595b64144ccf1df_6.0.17134.1006_none_d3fbb8f77c940c3f;C:\Program Files\JetBrains\IntelliJ IDEA Community Edition 2019.2.1\jbr\bin\server;C:\Program Files\JetBrains\IntelliJ IDEA Community Edition 2019.2.1\bin;C:\Users\mitch\AppData\Local\Temp\lwjglmitch\3.2.3-build-13;C:\Windows\System32\DriverStore\FileRepository\iigd_dch_base.inf_amd64_b95c9a044993331b

VM Arguments:
jvm_args: -javaagent:C:\Program Files\JetBrains\IntelliJ IDEA Community Edition 2019.2.1\lib\idea_rt.jar=59508:C:\Program Files\JetBrains\IntelliJ IDEA Community Edition 2019.2.1\bin -Dfile.encoding=UTF-8 
java_command: Main
java_class_path (initial): D:\JavaProjects\JHobbyEngine\out\production\JHobbyEngine;D:\JavaProjects\JHobbyEngine\libs\lwjgl-glfw.jar;D:\JavaProjects\JHobbyEngine\libs\lwjgl-opengl.jar;D:\JavaProjects\JHobbyEngine\libs\lwjgl.jar;D:\JavaProjects\JHobbyEngine\libs\lwjgl-glfw-natives-windows.jar;D:\JavaProjects\JHobbyEngine\libs\lwjgl-natives-windows.jar;D:\JavaProjects\JHobbyEngine\libs\lwjgl-opengl-natives-windows.jar
Launcher Type: SUN_STANDARD

[Global flags]
     intx CICompilerCount                          = 4                                         {product} {ergonomic}
     uint ConcGCThreads                            = 3                                         {product} {ergonomic}
     uint G1ConcRefinementThreads                  = 10                                        {product} {ergonomic}
   size_t G1HeapRegionSize                         = 1048576                                   {product} {ergonomic}
    uintx GCDrainStackTargetSize                   = 64                                        {product} {ergonomic}
   size_t InitialHeapSize                          = 266338304                                 {product} {ergonomic}
   size_t MarkStackSize                            = 4194304                                   {product} {ergonomic}
   size_t MaxHeapSize                              = 4255121408                                {product} {ergonomic}
   size_t MaxNewSize                               = 2552233984                                {product} {ergonomic}
   size_t MinHeapDeltaBytes                        = 1048576                                   {product} {ergonomic}
    uintx NonNMethodCodeHeapSize                   = 5835340                                {pd product} {ergonomic}
    uintx NonProfiledCodeHeapSize                  = 122911450                              {pd product} {ergonomic}
    uintx ProfiledCodeHeapSize                     = 122911450                              {pd product} {ergonomic}
    uintx ReservedCodeCacheSize                    = 251658240                              {pd product} {ergonomic}
     bool SegmentedCodeCache                       = true                                      {product} {ergonomic}
     bool UseCompressedClassPointers               = true                                 {lp64_product} {ergonomic}
     bool UseCompressedOops                        = true                                 {lp64_product} {ergonomic}
     bool UseG1GC                                  = true                                      {product} {ergonomic}
     bool UseLargePagesIndividualAllocation        = false                                  {pd product} {ergonomic}

Logging:
Log output configuration:
 #0: stdout all=warning uptime,level,tags
 #1: stderr all=off uptime,level,tags

Environment Variables:
PATH=C:\Program Files (x86)\Intel\Intel(R) Management Engine Components\iCLS\;C:\Program Files\Intel\Intel(R) Management Engine Components\iCLS\;C:\Windows\system32;C:\Windows;C:\Windows\System32\Wbem;C:\Windows\System32\WindowsPowerShell\v1.0\;C:\Windows\System32\OpenSSH\;C:\Program Files (x86)\Intel\Intel(R) Management Engine Components\DAL;C:\Program Files\Intel\Intel(R) Management Engine Components\DAL;C:\Program Files (x86)\Intel\Intel(R) Management Engine Components\IPT;C:\Program Files\Intel\Intel(R) Management Engine Components\IPT;C:\Program Files (x86)\NVIDIA Corporation\PhysX\Common;C:\Program Files\Intel\WiFi\bin\;C:\Program Files\Common Files\Intel\WirelessCommon\;C:\Program Files\Git\cmd;C:\Program Files\nodejs\;C:\Users\mitch\AppData\Local\Programs\Python\Python37-32\Scripts\;C:\Users\mitch\AppData\Local\Programs\Python\Python37-32\;C:\Users\mitch\AppData\Local\Microsoft\WindowsApps;;C:\Users\mitch\AppData\Local\Programs\Microsoft VS Code\bin;C:\Program Files\JetBrains\IntelliJ IDEA 2019.2.1\bin;;C:\Program Files\JetBrains\IntelliJ IDEA Community Edition 2019.2.1\bin;;C:\Users\mitch\AppData\Roaming\npm
USERNAME=mitch
OS=Windows_NT
PROCESSOR_IDENTIFIER=Intel64 Family 6 Model 158 Stepping 10, GenuineIntel



---------------  S Y S T E M  ---------------

OS: Windows 10 , 64 bit Build 17134 (10.0.17134.753)

CPU:total 12 (initial active 12) (6 cores per cpu, 2 threads per core) family 6 model 158 stepping 10, cmov, cx8, fxsr, mmx, sse, sse2, sse3, ssse3, sse4.1, sse4.2, popcnt, avx, avx2, aes, clmul, erms, 3dnowpref, lzcnt, ht, tsc, tscinvbit, bmi1, bmi2, adx, fma

Memory: 4k page, system-wide physical 16230M (8061M free)
TotalPageFile size 18662M (AvailPageFile size 7761M)
current process WorkingSet (physical memory assigned to process): 95M, peak: 95M
current process commit charge ("private bytes"): 364M, peak: 364M

vm_info: OpenJDK 64-Bit Server VM (11.0.3+12-b304.39) for windows-amd64 JRE (11.0.3+12-b304.39), built on Aug 14 2019 11:03:43 by "" with MS VC++ 14.0 (VS2015)

END.
